App listening on port 80
[0mPOST /juke [32m200 [0m22.528 ms - 85[0m
[0mPOST /juke [32m200 [0m2.415 ms - 85[0m
[0mPOST /juke [32m200 [0m1.983 ms - 85[0m
[0mPOST /juke [32m200 [0m2.053 ms - 85[0m
[0mPOST /juke [32m200 [0m1.917 ms - 85[0m
[0mPOST /juke [32m200 [0m1.901 ms - 85[0m
[0mPOST /juke [32m200 [0m1.867 ms - 85[0m
[0mPOST /juke [32m200 [0m4.880 ms - 85[0m
[0mPOST /juke [32m200 [0m1.814 ms - 85[0m
[0mPOST /juke [32m200 [0m1.865 ms - 85[0m
[0mPOST /juke [32m200 [0m1.837 ms - 85[0m
[0mPOST /juke [32m200 [0m1.893 ms - 85[0m
[0mPOST /juke [32m200 [0m1.776 ms - 85[0m
[0mPOST /juke [32m200 [0m1.756 ms - 85[0m
[0mPOST /juke [32m200 [0m45.493 ms - 102[0m
[0mPOST /juke [32m200 [0m9.657 ms - 38881[0m
[0mPOST /juke [32m200 [0m6.619 ms - 85[0m
[0mPOST /juke [32m200 [0m5.512 ms - 85[0m
[0mGET /favicon.ico [31m500 [0m3.194 ms - 78[0m
[0mPOST /juke [32m200 [0m2.951 ms - 85[0m
[0mPOST /juke [32m200 [0m2.159 ms - 85[0m
[0mPOST /juke [32m200 [0m2.243 ms - 85[0m
[0mPOST /juke [32m200 [0m1.833 ms - 85[0m
[0mPOST /juke [32m200 [0m1.816 ms - 85[0m
[0mPOST /juke [32m200 [0m1.940 ms - 85[0m
[0mPOST /juke [32m200 [0m1.772 ms - 85[0m
[0mPOST /juke [32m200 [0m1.798 ms - 85[0m
[0mPOST /juke [32m200 [0m1.830 ms - 85[0m
[0mPOST /juke [32m200 [0m2.797 ms - 85[0m
[0mGET / [31m500 [0m0.677 ms - 78[0m
[0mGET /favicon.ico [31m500 [0m0.425 ms - 78[0m
[0mPOST /juke [32m200 [0m1.861 ms - 85[0m
[0mPOST /juke [32m200 [0m1.811 ms - 85[0m
[0mPOST /juke [32m200 [0m1.736 ms - 85[0m
[0mPOST /juke [32m200 [0m1.809 ms - 85[0m
[0mGET /admindb/scripts/setup.php [31m500 [0m0.308 ms - 78[0m
[0mGET /admin/phpmyadmin/scripts/setup.php [31m500 [0m0.376 ms - 78[0m
[0mPOST /juke [32m200 [0m1.895 ms - 85[0m
[0mGET /admin/phpMyAdmin/scripts/setup.php [31m500 [0m0.311 ms - 78[0m
[0mGET /admin/scripts/setup.php [31m500 [0m0.328 ms - 78[0m
[0mPOST /juke [32m200 [0m1.822 ms - 85[0m
[0mGET /dbadmin/scripts/setup.php [31m500 [0m0.371 ms - 78[0m
[0mGET /db/scripts/setup.php [31m500 [0m0.336 ms - 78[0m
[0mPOST /juke [32m200 [0m1.833 ms - 85[0m
[0mPOST /juke [32m200 [0m45.150 ms - 102[0m
[0mGET /myadmin/scripts/setup.php [31m500 [0m0.364 ms - 78[0m
[0mPOST /juke [32m200 [0m10.045 ms - 38881[0m
[0mGET /MyAdmin/scripts/setup.php [31m500 [0m0.340 ms - 78[0m
[0mPOST /juke [32m200 [0m1.833 ms - 85[0m
[0mPOST /juke [32m200 [0m1.838 ms - 85[0m
[0mGET /favicon.ico [31m500 [0m0.321 ms - 78[0m
[0mGET /mysqladmin/scripts/setup.php [31m500 [0m0.336 ms - 78[0m
[0mGET /mysql/scripts/setup.php [31m500 [0m0.331 ms - 78[0m
[0mPOST /juke [32m200 [0m1.901 ms - 85[0m
[0mGET /phpmyadmin2/scripts/setup.php [31m500 [0m0.370 ms - 78[0m
[0mGET /phpMyAdmin2/scripts/setup.php [31m500 [0m0.384 ms - 78[0m
[0mPOST /juke [32m200 [0m2.746 ms - 85[0m
[0mPOST /juke [32m200 [0m1.872 ms - 85[0m
[0mGET /phpMyAdmin/scripts/setup0.php [31m500 [0m0.366 ms - 78[0m
[0mPOST /juke [32m200 [0m1.829 ms - 85[0m
[0mGET /phpmyadmin/scripts/setup1.php [31m500 [0m0.337 ms - 78[0m
[0mPOST /juke [32m200 [0m1.874 ms - 85[0m
[0mGET /phpMyAdmin/scripts/setup1.php [31m500 [0m0.311 ms - 78[0m
[0mPOST /juke [32m200 [0m1.872 ms - 85[0m
[0mGET /_phpmyadmin/scripts/setup.php [31m500 [0m0.343 ms - 78[0m
[0mPOST /juke [32m200 [0m1.815 ms - 85[0m
[0mGET /php-my-admin/scripts/setup.php [31m500 [0m0.365 ms - 78[0m
[0mPOST /juke [32m200 [0m1.853 ms - 85[0m
[0mGET /phpmyadmin_/scripts/setup.php [31m500 [0m0.339 ms - 78[0m
[0mPOST /juke [32m200 [0m2.638 ms - 85[0m
[0mGET /phpmyadmin/scripts/_setup.php [31m500 [0m0.364 ms - 78[0m
[0mPOST /juke [32m200 [0m1.880 ms - 85[0m
[0mGET /phpmyadmin/scripts/setup.php [31m500 [0m0.364 ms - 78[0m
[0mPOST /juke [32m200 [0m1.702 ms - 85[0m
[0mGET /phpmyadmin/scripts/Setup.php [31m500 [0m0.351 ms - 78[0m
[0mPOST /juke [32m200 [0m1.842 ms - 85[0m
[0mGET /_phpMyAdmin/scripts/setup.php [31m500 [0m0.369 ms - 78[0m
[0mPOST /juke [32m200 [0m1.892 ms - 85[0m
[0mGET /phpMyAdmin_/scripts/setup.php [31m500 [0m0.332 ms - 78[0m
[0mPOST /juke [32m200 [0m1.889 ms - 85[0m
[0mGET /phpMyAdmin/scripts/_setup.php [31m500 [0m0.371 ms - 78[0m
[0mPOST /juke [32m200 [0m1.784 ms - 85[0m
[0mGET /phpMyAdmin/scripts/setup.php [31m500 [0m0.351 ms - 78[0m
[0mPOST /juke [32m200 [0m1.904 ms - 85[0m
[0mPOST /juke [32m200 [0m1.998 ms - 85[0m
[0mGET /phpMyAdmin/scripts.setup.php [31m500 [0m0.286 ms - 78[0m
[0mGET /phpMyAdmin/scripts/Setup.php [31m500 [0m0.344 ms - 78[0m
[0mPOST /juke [32m200 [0m1.858 ms - 85[0m
[0mPOST /juke [32m200 [0m2.026 ms - 85[0m
[0mGET /PhpMyAdmin/scripts/setup.php [31m500 [0m0.301 ms - 78[0m
[0mGET /PHPMYADMIN/scripts/setup.php [31m500 [0m0.336 ms - 78[0m
[0mPOST /juke [32m200 [0m1.809 ms - 85[0m
[0mPOST /juke [32m200 [0m1.884 ms - 85[0m
[0mGET /pma/scripts/setup.php [31m500 [0m0.366 ms - 78[0m
[0mGET /PMA/scripts/setup.php [31m500 [0m0.358 ms - 78[0m
[0mPOST /juke [32m200 [0m1.898 ms - 85[0m
[0mPOST /juke [32m200 [0m2.803 ms - 85[0m
[0mGET /scripts/setup.php [31m500 [0m0.334 ms - 78[0m
[0mPOST /juke [32m200 [0m1.860 ms - 85[0m
[0mPOST /juke [32m200 [0m1.862 ms - 85[0m
[0mGET /sql/scripts/setup.php [31m500 [0m0.348 ms - 78[0m
[0mPOST /juke [32m200 [0m1.856 ms - 85[0m
[0mPOST /juke [32m200 [0m1.877 ms - 85[0m
[0mPOST /juke [32m200 [0m1.813 ms - 85[0m
[0mPOST /juke [32m200 [0m1.793 ms - 85[0m
[0mPOST /juke [32m200 [0m1.835 ms - 85[0m
[0mPOST /juke [32m200 [0m1.860 ms - 85[0m
[0mPOST /juke [32m200 [0m1.987 ms - 85[0m
[0mPOST /juke [32m200 [0m1.993 ms - 85[0m
[0mPOST /juke [32m200 [0m1.794 ms - 85[0m
[0mPOST /juke [32m200 [0m1.947 ms - 85[0m
[0mPOST /juke [32m200 [0m1.874 ms - 85[0m
[0mPOST /juke [32m200 [0m1.863 ms - 85[0m
[0mPOST /juke [32m200 [0m1.964 ms - 85[0m
[0mPOST /juke [32m200 [0m1.867 ms - 85[0m
[0mPOST /juke [32m200 [0m1.853 ms - 85[0m
[0mPOST /juke [32m200 [0m1.855 ms - 85[0m
[0mPOST /juke [32m200 [0m1.919 ms - 85[0m
[0mPOST /juke [32m200 [0m2.750 ms - 85[0m
[0mPOST /juke [32m200 [0m5.604 ms - 85[0m
[0mPOST /juke [32m200 [0m1.678 ms - 85[0m
[0mPOST /juke [32m200 [0m1.784 ms - 85[0m
[0mPOST /juke [32m200 [0m1.676 ms - 85[0m
[0mPOST /juke [32m200 [0m1.712 ms - 85[0m
[0mPOST /juke [32m200 [0m1.790 ms - 85[0m
[0mPOST /juke [32m200 [0m1.697 ms - 85[0m
[0mPOST /juke [32m200 [0m1.663 ms - 85[0m
[0mPOST /juke [32m200 [0m1.795 ms - 85[0m
[0mPOST /juke [32m200 [0m2.833 ms - 85[0m
[0mPOST /juke [32m200 [0m3.750 ms - 85[0m
[0mPOST /juke [32m200 [0m1.718 ms - 85[0m
[0mPOST /juke [32m200 [0m1.820 ms - 85[0m
[0mPOST /juke [32m200 [0m1.740 ms - 85[0m
[0mPOST /juke [32m200 [0m1.751 ms - 85[0m
[0mPOST /juke [32m200 [0m1.731 ms - 85[0m
[0mPOST /juke [32m200 [0m1.838 ms - 85[0m
[0mPOST /juke [32m200 [0m1.704 ms - 85[0m
[0mPOST /juke [32m200 [0m1.726 ms - 85[0m
[0mPOST /juke [32m200 [0m1.848 ms - 85[0m
[0mPOST /juke [32m200 [0m2.622 ms - 85[0m
[0mPOST /juke [32m200 [0m1.936 ms - 85[0m
[0mPOST /juke [32m200 [0m1.752 ms - 85[0m
[0mPOST /juke [32m200 [0m1.706 ms - 85[0m
[0mPOST /juke [32m200 [0m1.821 ms - 85[0m
[0mPOST /juke [32m200 [0m1.793 ms - 85[0m
[0mPOST /juke [32m200 [0m1.795 ms - 85[0m
[0mPOST /juke [32m200 [0m1.838 ms - 85[0m
[0mPOST /juke [32m200 [0m1.711 ms - 85[0m
[0mPOST /juke [32m200 [0m1.693 ms - 85[0m
[0mPOST /juke [32m200 [0m2.886 ms - 85[0m
[0mPOST /juke [32m200 [0m1.829 ms - 85[0m
[0mPOST /juke [32m200 [0m1.774 ms - 85[0m
[0mPOST /juke [32m200 [0m1.875 ms - 85[0m
[0mPOST /juke [32m200 [0m1.734 ms - 85[0m
[0mPOST /juke [32m200 [0m1.714 ms - 85[0m
[0mPOST /juke [32m200 [0m1.760 ms - 85[0m
[0mPOST /juke [32m200 [0m1.708 ms - 85[0m
[0mPOST /juke [32m200 [0m1.752 ms - 85[0m
[0mPOST /juke [32m200 [0m1.784 ms - 85[0m
[0mPOST /juke [32m200 [0m1.767 ms - 85[0m
[0mPOST /juke [32m200 [0m1.703 ms - 85[0m
[0mPOST /juke [32m200 [0m1.712 ms - 85[0m
[0mPOST /juke [32m200 [0m3.020 ms - 85[0m
[0mPOST /juke [32m200 [0m1.779 ms - 85[0m
[0mPOST /juke [32m200 [0m1.735 ms - 85[0m
[0mPOST /juke [32m200 [0m1.732 ms - 85[0m
[0mPOST /juke [32m200 [0m1.753 ms - 85[0m
[0mPOST /juke [32m200 [0m1.797 ms - 85[0m
[0mPOST /juke [32m200 [0m1.765 ms - 85[0m
[0mPOST /juke [32m200 [0m1.818 ms - 85[0m
[0mPOST /juke [32m200 [0m2.630 ms - 85[0m
[0mPOST /juke [32m200 [0m1.696 ms - 85[0m
[0mPOST /juke [32m200 [0m1.754 ms - 85[0m
[0mPOST /juke [32m200 [0m1.665 ms - 85[0m
[0mPOST /juke [32m200 [0m7.034 ms - 85[0m
[0mPOST /juke [32m200 [0m1.730 ms - 85[0m
[0mPOST /juke [32m200 [0m1.754 ms - 85[0m
[0mPOST /juke [32m200 [0m1.785 ms - 85[0m
[0mPOST /juke [32m200 [0m1.772 ms - 85[0m
[0mPOST /juke [32m200 [0m1.717 ms - 85[0m
[0mPOST /juke [32m200 [0m1.696 ms - 85[0m
[0mPOST /juke [32m200 [0m2.597 ms - 85[0m
[0mPOST /juke [32m200 [0m1.684 ms - 85[0m
[0mPOST /juke [32m200 [0m1.766 ms - 85[0m
[0mPOST /juke [32m200 [0m1.874 ms - 85[0m
[0mPOST /juke [32m200 [0m1.789 ms - 85[0m
[0mPOST /juke [32m200 [0m1.692 ms - 85[0m
[0mPOST /juke [32m200 [0m1.721 ms - 85[0m
[0mPOST /juke [32m200 [0m1.710 ms - 85[0m
[0mPOST /juke [32m200 [0m1.790 ms - 85[0m
[0mPOST /juke [32m200 [0m1.756 ms - 85[0m
[0mPOST /juke [32m200 [0m1.741 ms - 85[0m
[0mPOST /juke [32m200 [0m1.713 ms - 85[0m
[0mPOST /juke [32m200 [0m1.714 ms - 85[0m
[0mPOST /juke [32m200 [0m1.816 ms - 85[0m
[0mPOST /juke [32m200 [0m1.792 ms - 85[0m
[0mPOST /juke [32m200 [0m1.785 ms - 85[0m
[0mPOST /juke [32m200 [0m1.797 ms - 85[0m
[0mPOST /juke [32m200 [0m1.801 ms - 85[0m
[0mPOST /juke [32m200 [0m1.786 ms - 85[0m
[0mPOST /juke [32m200 [0m1.816 ms - 85[0m
[0mPOST /juke [32m200 [0m3.651 ms - 85[0m
[0mPOST /juke [32m200 [0m3.499 ms - 85[0m
[0mPOST /juke [32m200 [0m1.801 ms - 85[0m
[0mPOST /juke [32m200 [0m1.788 ms - 85[0m
[0mPOST /juke [32m200 [0m1.784 ms - 85[0m
[0mPOST /juke [32m200 [0m1.878 ms - 85[0m
[0mPOST /juke [32m200 [0m1.749 ms - 85[0m
[0mPOST /juke [32m200 [0m1.794 ms - 85[0m
[0mPOST /juke [32m200 [0m1.892 ms - 85[0m
[0mPOST /juke [32m200 [0m11.769 ms - 85[0m
[0mPOST /juke [32m200 [0m1.665 ms - 85[0m
[0mPOST /juke [32m200 [0m1.738 ms - 85[0m
[0mPOST /juke [32m200 [0m2.566 ms - 85[0m
[0mPOST /juke [32m200 [0m1.772 ms - 85[0m
[0mPOST /juke [32m200 [0m1.740 ms - 85[0m
[0mPOST /juke [32m200 [0m1.734 ms - 85[0m
[0mPOST /juke [32m200 [0m1.694 ms - 85[0m
[0mPOST /juke [32m200 [0m1.714 ms - 85[0m
[0mPOST /juke [32m200 [0m1.817 ms - 85[0m
[0mPOST /juke [32m200 [0m1.751 ms - 85[0m
[0mPOST /juke [32m200 [0m1.721 ms - 85[0m
[0mPOST /juke [32m200 [0m1.797 ms - 85[0m
[0mPOST /juke [32m200 [0m2.510 ms - 85[0m
[0mPOST /juke [32m200 [0m1.750 ms - 85[0m
[0mPOST /juke [32m200 [0m1.704 ms - 85[0m
[0mPOST /juke [32m200 [0m2.308 ms - 85[0m
[0mPOST /juke [32m200 [0m1.759 ms - 85[0m
[0mPOST /juke [32m200 [0m1.765 ms - 85[0m
[0mPOST /juke [32m200 [0m1.717 ms - 85[0m
[0mPOST /juke [32m200 [0m1.814 ms - 85[0m
[0mPOST /juke [32m200 [0m1.636 ms - 85[0m
App listening on port 80
[0mPOST /juke [32m200 [0m22.190 ms - 85[0m
[0mPOST /juke [32m200 [0m2.374 ms - 85[0m
[0mPOST /juke [32m200 [0m1.859 ms - 85[0m
[0mPOST /juke [32m200 [0m1.811 ms - 85[0m
[0mPOST /juke [32m200 [0m2.174 ms - 85[0m
[0mPOST /juke [32m200 [0m83.458 ms - 102[0m
[0mPOST /juke [32m200 [0m18.981 ms - 95[0m
[0mPOST /juke [32m200 [0m33.931 ms - 38881[0m
[0mPOST /juke [32m200 [0m1.927 ms - 85[0m
[0mPOST /juke [32m200 [0m1.858 ms - 85[0m
[0mPOST /juke [32m200 [0m1.696 ms - 85[0m
[0mPOST /juke [32m200 [0m1.863 ms - 85[0m
[0mPOST /juke [32m200 [0m1.799 ms - 85[0m
[0mPOST /juke [32m200 [0m1.810 ms - 85[0m
[0mPOST /juke [32m200 [0m42.858 ms - 102[0m
[0mPOST /juke [32m200 [0m2.010 ms - 85[0m
[0mGET /favicon.ico [31m500 [0m3.306 ms - 77[0m
[0mPOST /juke [32m200 [0m7.742 ms - 38881[0m
[0mPOST /juke [32m200 [0m1.946 ms - 85[0m
[0mPOST /juke [32m200 [0m1.802 ms - 85[0m
[0mPOST /juke [32m200 [0m2.128 ms - 85[0m
[0mPOST /juke [32m200 [0m3.086 ms - 85[0m
[0mPOST /juke [32m200 [0m2.207 ms - 85[0m
[0mPOST /juke [32m200 [0m2.890 ms - 85[0m
[0mPOST /juke [32m200 [0m2.203 ms - 85[0m
[0mPOST /juke [32m200 [0m2.037 ms - 85[0m
[0mPOST /juke [32m200 [0m1.855 ms - 85[0m
[0mPOST /juke [32m200 [0m1.787 ms - 85[0m
[0mPOST /juke [32m200 [0m1.811 ms - 85[0m
[0mPOST /juke [32m200 [0m1.786 ms - 85[0m
[0mPOST /juke [32m200 [0m1.891 ms - 85[0m
[0mPOST /juke [32m200 [0m1.877 ms - 85[0m
[0mPOST /juke [32m200 [0m1.807 ms - 85[0m
[0mPOST /juke [32m200 [0m1.899 ms - 85[0m
[0mGET / [31m500 [0m0.578 ms - 77[0m
[0mGET /favicon.ico [31m500 [0m0.423 ms - 77[0m
[0mPOST /juke [32m200 [0m1.865 ms - 85[0m
[0mPOST /juke [32m200 [0m1.885 ms - 85[0m
[0mPOST /juke [32m200 [0m1.987 ms - 85[0m
[0mPOST /juke [32m200 [0m1.881 ms - 85[0m
[0mPOST /juke [32m200 [0m1.827 ms - 85[0m
[0mPOST /juke [32m200 [0m1.804 ms - 85[0m
[0mPOST /juke [32m200 [0m1.890 ms - 85[0m
[0mPOST /juke [32m200 [0m2.968 ms - 85[0m
[0mPOST /juke [32m200 [0m1.940 ms - 85[0m
[0mGET /favicon.ico [31m500 [0m0.341 ms - 77[0m
[0mPOST /juke [32m200 [0m43.590 ms - 102[0m
[0mPOST /juke [32m200 [0m9.782 ms - 38881[0m
[0mPOST /juke [32m200 [0m1.865 ms - 85[0m
[0mPOST /juke [32m200 [0m1.974 ms - 85[0m
[0mPOST /juke [32m200 [0m1.919 ms - 85[0m
[0mPOST /juke [32m200 [0m1.870 ms - 85[0m
[0mPOST /juke [32m200 [0m1.915 ms - 85[0m
[0mPOST /juke [32m200 [0m1.837 ms - 85[0m
[0mPOST /juke [32m200 [0m1.899 ms - 85[0m
[0mPOST /juke [32m200 [0m3.072 ms - 85[0m
[0mPOST /juke [32m200 [0m1.849 ms - 85[0m
[0mPOST /juke [32m200 [0m1.819 ms - 85[0m
[0mPOST /juke [32m200 [0m1.848 ms - 85[0m
[0mPOST /juke [32m200 [0m1.820 ms - 85[0m
[0mPOST /juke [32m200 [0m1.873 ms - 85[0m
[0mPOST /juke [32m200 [0m1.924 ms - 85[0m
[0mPOST /juke [32m200 [0m1.868 ms - 85[0m
[0mPOST /juke [32m200 [0m1.880 ms - 85[0m
[0mPOST /juke [32m200 [0m1.833 ms - 85[0m
[0mPOST /juke [32m200 [0m1.802 ms - 85[0m
[0mPOST /juke [32m200 [0m1.928 ms - 85[0m
[0mPOST /juke [32m200 [0m1.874 ms - 85[0m
[0mPOST /juke [32m200 [0m1.809 ms - 85[0m
[0mPOST /juke [32m200 [0m1.841 ms - 85[0m
[0mPOST /juke [32m200 [0m1.925 ms - 85[0m
[0mPOST /juke [32m200 [0m1.834 ms - 85[0m
[0mPOST /juke [32m200 [0m1.858 ms - 85[0m
[0mPOST /juke [32m200 [0m1.908 ms - 85[0m
[0mPOST /juke [32m200 [0m1.894 ms - 85[0m
[0mPOST /juke [32m200 [0m2.782 ms - 85[0m
[0mPOST /juke [32m200 [0m1.816 ms - 85[0m
[0mPOST /juke [32m200 [0m1.993 ms - 85[0m
[0mPOST /juke [32m200 [0m1.901 ms - 85[0m
[0mPOST /juke [32m200 [0m1.935 ms - 85[0m
[0mPOST /juke [32m200 [0m1.885 ms - 85[0m
App listening on port 80
[0mPOST /juke [32m200 [0m22.271 ms - 85[0m
[0mPOST /juke [32m200 [0m2.406 ms - 85[0m
[0mPOST /juke [32m200 [0m1.932 ms - 85[0m
[0mPOST /juke [32m200 [0m1.814 ms - 85[0m
[0mPOST /juke [32m200 [0m1.841 ms - 85[0m
[0mPOST /juke [32m200 [0m2.083 ms - 85[0m
[0mPOST /juke [32m200 [0m44.542 ms - 102[0m
[0mPOST /juke [32m200 [0m9.752 ms - 38881[0m
[0mGET /favicon.ico [31m500 [0m3.046 ms - 1002[0m
[0mPOST /juke [32m200 [0m1.918 ms - 85[0m
[0mPOST /juke [32m200 [0m4.885 ms - 85[0m
[0mPOST /juke [32m200 [0m2.011 ms - 85[0m
[0mPOST /juke [32m200 [0m1.835 ms - 85[0m
[0mPOST /juke [32m200 [0m2.069 ms - 85[0m
[0mPOST /juke [32m200 [0m1.912 ms - 85[0m
[0mGET / [31m500 [0m0.542 ms - 1002[0m
[0mPOST /juke [32m200 [0m1.786 ms - 85[0m
[0mGET /favicon.ico [31m500 [0m0.383 ms - 1002[0m
[0mPOST /juke [32m200 [0m1.855 ms - 85[0m
[0mPOST /juke [32m200 [0m2.951 ms - 85[0m
[0mPOST /juke [32m200 [0m3.079 ms - 85[0m
[0mPOST /juke [32m200 [0m2.218 ms - 85[0m
[0mPOST /juke [32m200 [0m2.105 ms - 85[0m
[0mPOST /juke [32m200 [0m1.864 ms - 85[0m
[0mPOST /juke [32m200 [0m1.835 ms - 85[0m
[0mPOST /juke [32m200 [0m1.899 ms - 85[0m
[0mPOST /juke [32m200 [0m1.829 ms - 85[0m
[0mPOST /juke [32m200 [0m1.823 ms - 85[0m
[0mPOST /juke [32m200 [0m1.888 ms - 85[0m
[0mPOST /juke [32m200 [0m2.716 ms - 85[0m
[0mPOST /juke [32m200 [0m1.897 ms - 85[0m
[0mPOST /juke [32m200 [0m1.840 ms - 85[0m
[0mPOST /juke [32m200 [0m1.920 ms - 85[0m
[0mPOST /juke [32m200 [0m1.976 ms - 85[0m
[0mPOST /juke [32m200 [0m1.891 ms - 85[0m
[0mPOST /juke [32m200 [0m1.784 ms - 85[0m
[0mPOST /juke [32m200 [0m1.919 ms - 85[0m
[0mPOST /juke [32m200 [0m1.911 ms - 85[0m
[0mPOST /juke [32m200 [0m1.852 ms - 85[0m
[0mPOST /juke [32m200 [0m1.820 ms - 85[0m
[0mPOST /juke [32m200 [0m2.001 ms - 85[0m
[0mPOST /juke [32m200 [0m1.823 ms - 85[0m
[0mPOST /juke [32m200 [0m1.886 ms - 85[0m
[0mPOST /juke [32m200 [0m1.842 ms - 85[0m
[0mPOST /juke [32m200 [0m1.852 ms - 85[0m
[0mPOST /juke [32m200 [0m1.911 ms - 85[0m
[0mPOST /juke [32m200 [0m1.793 ms - 85[0m
[0mPOST /juke [32m200 [0m1.893 ms - 85[0m
[0mPOST /juke [32m200 [0m1.877 ms - 85[0m
[0mPOST /juke [32m200 [0m1.895 ms - 85[0m
[0mPOST /juke [32m200 [0m1.966 ms - 85[0m
[0mPOST /juke [32m200 [0m1.931 ms - 85[0m
[0mPOST /juke [32m200 [0m1.904 ms - 85[0m
[0mPOST /juke [32m200 [0m1.793 ms - 85[0m
[0mPOST /juke [32m200 [0m2.824 ms - 85[0m
[0mPOST /juke [32m200 [0m1.984 ms - 85[0m
[0mPOST /juke [32m200 [0m1.920 ms - 85[0m
[0mPOST /juke [32m200 [0m1.959 ms - 85[0m
[0mPOST /juke [32m200 [0m2.824 ms - 85[0m
[0mPOST /juke [32m200 [0m1.860 ms - 85[0m
[0mPOST /juke [32m200 [0m1.800 ms - 85[0m
[0mPOST /juke [32m200 [0m1.864 ms - 85[0m
[0mPOST /juke [32m200 [0m1.954 ms - 85[0m
[0mPOST /juke [32m200 [0m1.744 ms - 85[0m
[0mPOST /juke [32m200 [0m1.846 ms - 85[0m
[0mPOST /juke [32m200 [0m1.862 ms - 85[0m
[0mPOST /juke [32m200 [0m1.926 ms - 85[0m
[0mPOST /juke [32m200 [0m1.877 ms - 85[0m
App listening on port 80
[0mPOST /juke [32m200 [0m26.357 ms - 85[0m
[0mPOST /juke [32m200 [0m2.477 ms - 85[0m
[0mGET / [33m404 [0m10.121 ms - 92[0m
[0mGET /favicon.ico [33m404 [0m0.516 ms - 92[0m
[0mPOST /juke [32m200 [0m2.130 ms - 85[0m
[0mPOST /juke [32m200 [0m1.941 ms - 85[0m
[0mPOST /juke [32m200 [0m1.883 ms - 85[0m
[0mPOST /juke [32m200 [0m1.954 ms - 85[0m
[0mPOST /juke [32m200 [0m2.023 ms - 85[0m
[0mPOST /juke [32m200 [0m4.886 ms - 85[0m
[0mPOST /juke [32m200 [0m1.942 ms - 85[0m
[0mPOST /juke [32m200 [0m3.044 ms - 85[0m
[0mPOST /juke [32m200 [0m3.030 ms - 85[0m
[0mPOST /juke [32m200 [0m2.169 ms - 85[0m
[0mPOST /juke [32m200 [0m2.000 ms - 85[0m
[0mPOST /juke [32m200 [0m1.980 ms - 85[0m
[0mPOST /juke [32m200 [0m1.901 ms - 85[0m
[0mPOST /juke [32m200 [0m1.949 ms - 85[0m
[0mPOST /juke [32m200 [0m1.905 ms - 85[0m
[0mPOST /juke [32m200 [0m1.860 ms - 85[0m
[0mPOST /juke [32m200 [0m1.838 ms - 85[0m
[0mPOST /juke [32m200 [0m1.894 ms - 85[0m
[0mPOST /juke [32m200 [0m1.974 ms - 85[0m
[0mPOST /juke [32m200 [0m1.907 ms - 85[0m
[0mPOST /juke [32m200 [0m1.821 ms - 85[0m
[0mPOST /juke [32m200 [0m1.921 ms - 85[0m
[0mPOST /juke [32m200 [0m1.889 ms - 85[0m
[0mPOST /juke [32m200 [0m1.764 ms - 85[0m
[0mPOST /juke [32m200 [0m1.768 ms - 85[0m
[0mPOST /juke [32m200 [0m1.965 ms - 85[0m
[0mPOST /juke [32m200 [0m1.828 ms - 85[0m
[0mPOST /juke [32m200 [0m2.741 ms - 85[0m
[0mPOST /juke [32m200 [0m1.807 ms - 85[0m
[0mPOST /juke [32m200 [0m1.787 ms - 85[0m
[0mPOST /juke [32m200 [0m1.827 ms - 85[0m
[0mPOST /juke [32m200 [0m1.882 ms - 85[0m
[0mPOST /juke [32m200 [0m1.904 ms - 85[0m
[0mPOST /juke [32m200 [0m1.876 ms - 85[0m
[0mPOST /juke [32m200 [0m1.991 ms - 85[0m
[0mPOST /juke [32m200 [0m1.848 ms - 85[0m
App listening on port 80
[0mPOST /juke [32m200 [0m22.233 ms - 85[0m
[0mGET / [32m200 [0m3.493 ms - 7896[0m
[0mPOST /juke [32m200 [0m2.542 ms - 85[0m
[0mPOST /juke [32m200 [0m90.214 ms - 102[0m
[0mPOST /juke [32m200 [0m12.247 ms - 38881[0m
[0mPOST /juke [32m200 [0m1.879 ms - 85[0m
[0mPOST /juke [32m200 [0m1.831 ms - 85[0m
[0mPOST /juke [32m200 [0m1.886 ms - 85[0m
[0mPOST /juke [32m200 [0m1.859 ms - 85[0m
[0mPOST /juke [32m200 [0m1.857 ms - 85[0m
[0mPOST /juke [32m200 [0m1.855 ms - 85[0m
[0mPOST /juke [32m200 [0m1.803 ms - 85[0m
[0mPOST /juke [32m200 [0m1.804 ms - 85[0m
[0mPOST /juke [32m200 [0m1.817 ms - 85[0m
[0mPOST /juke [32m200 [0m1.869 ms - 85[0m
[0mPOST /juke [32m200 [0m1.856 ms - 85[0m
[0mPOST /juke [32m200 [0m2.972 ms - 85[0m
[0mPOST /juke [32m200 [0m2.129 ms - 85[0m
[0mPOST /juke [32m200 [0m2.945 ms - 85[0m
[0mPOST /juke [32m200 [0m2.169 ms - 85[0m
[0mPOST /juke [32m200 [0m2.001 ms - 85[0m
[0mPOST /juke [32m200 [0m1.778 ms - 85[0m
[0mPOST /juke [32m200 [0m1.891 ms - 85[0m
[0mPOST /juke [32m200 [0m1.816 ms - 85[0m
[0mPOST /juke [32m200 [0m1.924 ms - 85[0m
[0mPOST /juke [32m200 [0m1.879 ms - 85[0m
[0mPOST /juke [32m200 [0m1.852 ms - 85[0m
[0mPOST /juke [32m200 [0m1.799 ms - 85[0m
[0mPOST /juke [32m200 [0m2.691 ms - 85[0m
[0mPOST /juke [32m200 [0m1.829 ms - 85[0m
[0mPOST /juke [32m200 [0m1.853 ms - 85[0m
[0mPOST /juke [32m200 [0m1.790 ms - 85[0m
[0mPOST /juke [32m200 [0m1.845 ms - 85[0m
[0mPOST /juke [32m200 [0m1.869 ms - 85[0m
[0mPOST /juke [32m200 [0m1.906 ms - 85[0m
[0mPOST /juke [32m200 [0m1.823 ms - 85[0m
[0mPOST /juke [32m200 [0m1.887 ms - 85[0m
[0mPOST /juke [32m200 [0m1.889 ms - 85[0m
[0mPOST /juke [32m200 [0m1.787 ms - 85[0m
[0mPOST /juke [32m200 [0m1.847 ms - 85[0m
[0mPOST /juke [32m200 [0m1.876 ms - 85[0m
[0mPOST /juke [32m200 [0m1.872 ms - 85[0m
[0mPOST /juke [32m200 [0m1.817 ms - 85[0m
[0mPOST /juke [32m200 [0m1.833 ms - 85[0m
[0mPOST /juke [32m200 [0m1.901 ms - 85[0m
[0mPOST /juke [32m200 [0m1.864 ms - 85[0m
[0mPOST /juke [32m200 [0m1.797 ms - 85[0m
[0mPOST /juke [32m200 [0m1.836 ms - 85[0m
[0mPOST /juke [32m200 [0m2.749 ms - 85[0m
[0mPOST /juke [32m200 [0m1.823 ms - 85[0m
[0mPOST /juke [32m200 [0m1.871 ms - 85[0m
[0mPOST /juke [32m200 [0m1.860 ms - 85[0m
[0mPOST /juke [32m200 [0m1.859 ms - 85[0m
[0mPOST /juke [32m200 [0m1.856 ms - 85[0m
[0mPOST /juke [32m200 [0m1.790 ms - 85[0m
[0mPOST /juke [32m200 [0m1.825 ms - 85[0m
[0mPOST /juke [32m200 [0m1.913 ms - 85[0m
[0mPOST /juke [32m200 [0m1.869 ms - 85[0m
[0mPOST /juke [32m200 [0m2.802 ms - 85[0m
[0mPOST /juke [32m200 [0m1.812 ms - 85[0m
[0mPOST /juke [32m200 [0m1.911 ms - 85[0m
[0mPOST /juke [32m200 [0m1.818 ms - 85[0m
[0mPOST /juke [32m200 [0m1.871 ms - 85[0m
[0mPOST /juke [32m200 [0m1.847 ms - 85[0m
[0mPOST /juke [32m200 [0m1.824 ms - 85[0m
[0mPOST /juke [32m200 [0m1.816 ms - 85[0m
[0mPOST /juke [32m200 [0m1.890 ms - 85[0m
[0mPOST /juke [32m200 [0m1.829 ms - 85[0m
[0mPOST /juke [32m200 [0m2.737 ms - 85[0m
[0mPOST /juke [32m200 [0m1.842 ms - 85[0m
[0mPOST /juke [32m200 [0m1.733 ms - 85[0m
[0mPOST /juke [32m200 [0m1.843 ms - 85[0m
[0mPOST /juke [32m200 [0m1.827 ms - 85[0m
[0mPOST /juke [32m200 [0m1.868 ms - 85[0m
[0mPOST /juke [32m200 [0m1.845 ms - 85[0m
[0mPOST /juke [32m200 [0m1.896 ms - 85[0m
[0mPOST /juke [32m200 [0m1.819 ms - 85[0m
[0mPOST /juke [32m200 [0m1.932 ms - 85[0m
[0mPOST /juke [32m200 [0m2.774 ms - 85[0m
[0mPOST /juke [32m200 [0m1.829 ms - 85[0m
[0mPOST /juke [32m200 [0m1.769 ms - 85[0m
[0mPOST /juke [32m200 [0m1.805 ms - 85[0m
[0mPOST /juke [32m200 [0m1.832 ms - 85[0m
[0mPOST /juke [32m200 [0m1.778 ms - 85[0m
[0mPOST /juke [32m200 [0m1.880 ms - 85[0m
[0mPOST /juke [32m200 [0m1.858 ms - 85[0m
[0mPOST /juke [32m200 [0m1.919 ms - 85[0m
[0mPOST /juke [32m200 [0m1.898 ms - 85[0m
[0mPOST /juke [32m200 [0m4.973 ms - 85[0m
[0mPOST /juke [32m200 [0m1.833 ms - 85[0m
[0mPOST /juke [32m200 [0m1.773 ms - 85[0m
[0mPOST /juke [32m200 [0m1.828 ms - 85[0m
[0mPOST /juke [32m200 [0m1.853 ms - 85[0m
[0mPOST /juke [32m200 [0m1.887 ms - 85[0m
[0mPOST /juke [32m200 [0m1.837 ms - 85[0m
[0mPOST /juke [32m200 [0m1.908 ms - 85[0m
[0mPOST /juke [32m200 [0m1.863 ms - 85[0m
[0mPOST /juke [32m200 [0m1.795 ms - 85[0m
[0mPOST /juke [32m200 [0m2.691 ms - 85[0m
[0mPOST /juke [32m200 [0m1.871 ms - 85[0m
[0mPOST /juke [32m200 [0m1.869 ms - 85[0m
[0mPOST /juke [32m200 [0m1.820 ms - 85[0m
[0mPOST /juke [32m200 [0m1.901 ms - 85[0m
[0mPOST /juke [32m200 [0m1.821 ms - 85[0m
[0mPOST /juke [32m200 [0m1.848 ms - 85[0m
[0mPOST /juke [32m200 [0m1.854 ms - 85[0m
[0mPOST /juke [32m200 [0m1.801 ms - 85[0m
[0mPOST /juke [32m200 [0m1.903 ms - 85[0m
[0mPOST /juke [32m200 [0m5.682 ms - 85[0m
[0mPOST /juke [32m200 [0m7.660 ms - 85[0m
[0mPOST /juke [32m200 [0m1.774 ms - 85[0m
[0mPOST /juke [32m200 [0m1.767 ms - 85[0m
[0mPOST /juke [32m200 [0m1.701 ms - 85[0m
[0mPOST /juke [32m200 [0m1.842 ms - 85[0m
[0mPOST /juke [32m200 [0m1.851 ms - 85[0m
[0mPOST /juke [32m200 [0m1.760 ms - 85[0m
[0mPOST /juke [32m200 [0m1.749 ms - 85[0m
[0mPOST /juke [32m200 [0m1.644 ms - 85[0m
[0mPOST /juke [32m200 [0m1.787 ms - 85[0m
[0mPOST /juke [32m200 [0m2.740 ms - 85[0m
[0mPOST /juke [32m200 [0m1.695 ms - 85[0m
[0mPOST /juke [32m200 [0m1.760 ms - 85[0m
[0mPOST /juke [32m200 [0m1.809 ms - 85[0m
[0mPOST /juke [32m200 [0m3.708 ms - 85[0m
[0mPOST /juke [32m200 [0m1.768 ms - 85[0m
[0mPOST /juke [32m200 [0m1.697 ms - 85[0m
[0mPOST /juke [32m200 [0m1.694 ms - 85[0m
[0mPOST /juke [32m200 [0m1.730 ms - 85[0m
[0mPOST /juke [32m200 [0m1.709 ms - 85[0m
[0mPOST /juke [32m200 [0m1.760 ms - 85[0m
[0mPOST /juke [32m200 [0m1.803 ms - 85[0m
[0mPOST /juke [32m200 [0m1.777 ms - 85[0m
[0mPOST /juke [32m200 [0m1.757 ms - 85[0m
[0mPOST /juke [32m200 [0m1.728 ms - 85[0m
[0mPOST /juke [32m200 [0m1.831 ms - 85[0m
[0mPOST /juke [32m200 [0m1.711 ms - 85[0m
[0mPOST /juke [32m200 [0m1.805 ms - 85[0m
[0mPOST /juke [32m200 [0m1.745 ms - 85[0m
[0mPOST /juke [32m200 [0m1.820 ms - 85[0m
[0mPOST /juke [32m200 [0m1.676 ms - 85[0m
[0mPOST /juke [32m200 [0m2.782 ms - 85[0m
[0mPOST /juke [32m200 [0m1.809 ms - 85[0m
[0mPOST /juke [32m200 [0m1.779 ms - 85[0m
[0mPOST /juke [32m200 [0m1.744 ms - 85[0m
[0mPOST /juke [32m200 [0m1.871 ms - 85[0m
[0mPOST /juke [32m200 [0m1.723 ms - 85[0m
[0mPOST /juke [32m200 [0m1.713 ms - 85[0m
[0mPOST /juke [32m200 [0m1.695 ms - 85[0m
[0mPOST /juke [32m200 [0m1.760 ms - 85[0m
[0mPOST /juke [32m200 [0m1.719 ms - 85[0m
[0mPOST /juke [32m200 [0m1.732 ms - 85[0m
[0mPOST /juke [32m200 [0m1.830 ms - 85[0m
[0mPOST /juke [32m200 [0m1.774 ms - 85[0m
[0mPOST /juke [32m200 [0m1.736 ms - 85[0m
[0mPOST /juke [32m200 [0m1.833 ms - 85[0m
[0mPOST /juke [32m200 [0m1.699 ms - 85[0m
[0mPOST /juke [32m200 [0m4.876 ms - 85[0m
[0mPOST /juke [32m200 [0m1.712 ms - 85[0m
[0mPOST /juke [32m200 [0m1.743 ms - 85[0m
[0mPOST /juke [32m200 [0m1.855 ms - 85[0m
[0mPOST /juke [32m200 [0m1.670 ms - 85[0m
[0mPOST /juke [32m200 [0m2.747 ms - 85[0m
[0mPOST /juke [32m200 [0m1.731 ms - 85[0m
[0mPOST /juke [32m200 [0m1.804 ms - 85[0m
[0mPOST /juke [32m200 [0m1.754 ms - 85[0m
[0mPOST /juke [32m200 [0m1.777 ms - 85[0m
[0mPOST /juke [32m200 [0m1.731 ms - 85[0m
[0mPOST /juke [32m200 [0m1.743 ms - 85[0m
[0mPOST /juke [32m200 [0m1.723 ms - 85[0m
[0mPOST /juke [32m200 [0m1.703 ms - 85[0m
[0mPOST /juke [32m200 [0m1.716 ms - 85[0m
[0mPOST /juke [32m200 [0m1.692 ms - 85[0m
[0mPOST /juke [32m200 [0m11.253 ms - 85[0m
[0mPOST /juke [32m200 [0m1.713 ms - 85[0m
[0mPOST /juke [32m200 [0m1.785 ms - 85[0m
[0mPOST /juke [32m200 [0m1.693 ms - 85[0m
[0mPOST /juke [32m200 [0m1.734 ms - 85[0m
[0mPOST /juke [32m200 [0m1.710 ms - 85[0m
[0mPOST /juke [32m200 [0m1.735 ms - 85[0m
[0mPOST /juke [32m200 [0m1.670 ms - 85[0m
[0mPOST /juke [32m200 [0m1.747 ms - 85[0m
[0mPOST /juke [32m200 [0m1.682 ms - 85[0m
[0mPOST /juke [32m200 [0m2.475 ms - 85[0m
[0mPOST /juke [32m200 [0m8.847 ms - 85[0m
[0mPOST /juke [32m200 [0m1.750 ms - 85[0m
[0mPOST /juke [32m200 [0m1.631 ms - 85[0m
[0mPOST /juke [32m200 [0m1.749 ms - 85[0m
[0mPOST /juke [32m200 [0m1.648 ms - 85[0m
[0mPOST /juke [32m200 [0m1.762 ms - 85[0m
[0mPOST /juke [32m200 [0m1.622 ms - 85[0m
[0mPOST /juke [32m200 [0m1.713 ms - 85[0m
[0mPOST /juke [32m200 [0m1.718 ms - 85[0m
[0mPOST /juke [32m200 [0m1.777 ms - 85[0m
[0mPOST /juke [32m200 [0m2.430 ms - 85[0m
[0mPOST /juke [32m200 [0m1.689 ms - 85[0m
[0mPOST /juke [32m200 [0m1.748 ms - 85[0m
[0mPOST /juke [32m200 [0m1.719 ms - 85[0m
[0mPOST /juke [32m200 [0m1.680 ms - 85[0m
[0mPOST /juke [32m200 [0m1.711 ms - 85[0m
[0mPOST /juke [32m200 [0m1.699 ms - 85[0m
[0mPOST /juke [32m200 [0m1.728 ms - 85[0m
[0mPOST /juke [32m200 [0m1.738 ms - 85[0m
[0mPOST /juke [32m200 [0m1.685 ms - 85[0m
[0mPOST /juke [32m200 [0m2.517 ms - 85[0m
[0mPOST /juke [32m200 [0m1.781 ms - 85[0m
[0mPOST /juke [32m200 [0m1.670 ms - 85[0m
[0mPOST /juke [32m200 [0m1.709 ms - 85[0m
[0mPOST /juke [32m200 [0m1.793 ms - 85[0m
[0mPOST /juke [32m200 [0m1.769 ms - 85[0m
[0mPOST /juke [32m200 [0m1.721 ms - 85[0m
[0mPOST /juke [32m200 [0m3.477 ms - 85[0m
[0mPOST /juke [32m200 [0m1.725 ms - 85[0m
[0mPOST /juke [32m200 [0m1.679 ms - 85[0m
[0mPOST /juke [32m200 [0m5.918 ms - 85[0m
[0mPOST /juke [32m200 [0m2.375 ms - 85[0m
[0mPOST /juke [32m200 [0m1.699 ms - 85[0m
[0mPOST /juke [32m200 [0m1.720 ms - 85[0m
[0mPOST /juke [32m200 [0m1.664 ms - 85[0m
[0mPOST /juke [32m200 [0m1.744 ms - 85[0m
[0mPOST /juke [32m200 [0m1.723 ms - 85[0m
[0mPOST /juke [32m200 [0m1.750 ms - 85[0m
[0mPOST /juke [32m200 [0m1.676 ms - 85[0m
[0mPOST /juke [32m200 [0m1.724 ms - 85[0m
[0mPOST /juke [32m200 [0m1.747 ms - 85[0m
[0mPOST /juke [32m200 [0m2.442 ms - 85[0m
[0mPOST /juke [32m200 [0m1.716 ms - 85[0m
[0mPOST /juke [32m200 [0m1.700 ms - 85[0m
[0mPOST /juke [32m200 [0m1.768 ms - 85[0m
[0mPOST /juke [32m200 [0m1.728 ms - 85[0m
[0mPOST /juke [32m200 [0m8.137 ms - 85[0m
[0mPOST /juke [32m200 [0m1.678 ms - 85[0m
[0mPOST /juke [32m200 [0m1.619 ms - 85[0m
[0mPOST /juke [32m200 [0m1.656 ms - 85[0m
[0mPOST /juke [32m200 [0m1.654 ms - 85[0m
[0mPOST /juke [32m200 [0m1.669 ms - 85[0m
[0mPOST /juke [32m200 [0m2.427 ms - 85[0m
[0mPOST /juke [32m200 [0m1.721 ms - 85[0m
[0mPOST /juke [32m200 [0m1.721 ms - 85[0m
[0mPOST /juke [32m200 [0m1.656 ms - 85[0m
[0mPOST /juke [32m200 [0m1.684 ms - 85[0m
[0mPOST /juke [32m200 [0m1.672 ms - 85[0m
[0mPOST /juke [32m200 [0m1.667 ms - 85[0m
[0mPOST /juke [32m200 [0m1.658 ms - 85[0m
[0mPOST /juke [32m200 [0m1.726 ms - 85[0m
[0mPOST /juke [32m200 [0m1.640 ms - 85[0m
[0mPOST /juke [32m200 [0m1.673 ms - 85[0m
[0mPOST /juke [32m200 [0m2.506 ms - 85[0m
[0mPOST /juke [32m200 [0m1.704 ms - 85[0m
[0mPOST /juke [32m200 [0m2.161 ms - 85[0m
[0mPOST /juke [32m200 [0m1.696 ms - 85[0m
[0mPOST /juke [32m200 [0m1.671 ms - 85[0m
[0mPOST /juke [32m200 [0m1.698 ms - 85[0m
[0mPOST /juke [32m200 [0m7.562 ms - 85[0m
[0mPOST /juke [32m200 [0m1.705 ms - 85[0m
[0mPOST /juke [32m200 [0m1.674 ms - 85[0m
[0mPOST /juke [32m200 [0m1.677 ms - 85[0m
[0mPOST /juke [32m200 [0m2.348 ms - 85[0m
[0mPOST /juke [32m200 [0m1.648 ms - 85[0m
[0mPOST /juke [32m200 [0m1.702 ms - 85[0m
[0mPOST /juke [32m200 [0m1.627 ms - 85[0m
[0mPOST /juke [32m200 [0m1.602 ms - 85[0m
[0mPOST /juke [32m200 [0m1.652 ms - 85[0m
[0mPOST /juke [32m200 [0m1.649 ms - 85[0m
[0mPOST /juke [32m200 [0m1.695 ms - 85[0m
[0mPOST /juke [32m200 [0m1.543 ms - 85[0m
[0mPOST /juke [32m200 [0m1.625 ms - 85[0m
[0mPOST /juke [32m200 [0m5.033 ms - 85[0m
[0mPOST /juke [32m200 [0m2.608 ms - 85[0m
[0mPOST /juke [32m200 [0m1.616 ms - 85[0m
[0mPOST /juke [32m200 [0m1.580 ms - 85[0m
[0mPOST /juke [32m200 [0m1.642 ms - 85[0m
[0mPOST /juke [32m200 [0m1.555 ms - 85[0m
[0mPOST /juke [32m200 [0m1.557 ms - 85[0m
[0mPOST /juke [32m200 [0m1.600 ms - 85[0m
[0mPOST /juke [32m200 [0m1.716 ms - 85[0m
[0mPOST /juke [32m200 [0m1.545 ms - 85[0m
[0mPOST /juke [32m200 [0m1.631 ms - 85[0m
[0mPOST /juke [32m200 [0m2.416 ms - 85[0m
[0mPOST /juke [32m200 [0m1.640 ms - 85[0m
[0mPOST /juke [32m200 [0m1.587 ms - 85[0m
[0mPOST /juke [32m200 [0m1.583 ms - 85[0m
[0mPOST /juke [32m200 [0m1.556 ms - 85[0m
[0mPOST /juke [32m200 [0m1.615 ms - 85[0m
[0mPOST /juke [32m200 [0m1.588 ms - 85[0m
[0mPOST /juke [32m200 [0m4.708 ms - 85[0m
[0mPOST /juke [32m200 [0m1.538 ms - 85[0m
[0mPOST /juke [32m200 [0m1.630 ms - 85[0m
[0mPOST /juke [32m200 [0m8.321 ms - 85[0m
[0mPOST /juke [32m200 [0m2.522 ms - 85[0m
[0mPOST /juke [32m200 [0m1.572 ms - 85[0m
[0mPOST /juke [32m200 [0m1.525 ms - 85[0m
[0mPOST /juke [32m200 [0m1.717 ms - 85[0m
[0mPOST /juke [32m200 [0m1.606 ms - 85[0m
[0mPOST /juke [32m200 [0m1.654 ms - 85[0m
[0mPOST /juke [32m200 [0m1.642 ms - 85[0m
[0mPOST /juke [32m200 [0m1.636 ms - 85[0m
[0mPOST /juke [32m200 [0m1.621 ms - 85[0m
[0mPOST /juke [32m200 [0m1.673 ms - 85[0m
[0mPOST /juke [32m200 [0m1.587 ms - 85[0m
[0mPOST /juke [32m200 [0m2.452 ms - 85[0m
[0mPOST /juke [32m200 [0m1.556 ms - 85[0m
[0mPOST /juke [32m200 [0m1.616 ms - 85[0m
[0mPOST /juke [32m200 [0m1.570 ms - 85[0m
[0mPOST /juke [32m200 [0m1.550 ms - 85[0m
[0mPOST /juke [32m200 [0m1.571 ms - 85[0m
[0mPOST /juke [32m200 [0m1.692 ms - 85[0m
[0mPOST /juke [32m200 [0m1.537 ms - 85[0m
[0mPOST /juke [32m200 [0m1.570 ms - 85[0m
[0mPOST /juke [32m200 [0m1.539 ms - 85[0m
[0mPOST /juke [32m200 [0m1.615 ms - 85[0m
[0mPOST /juke [32m200 [0m4.972 ms - 85[0m
[0mPOST /juke [32m200 [0m1.547 ms - 85[0m
[0mPOST /juke [32m200 [0m1.537 ms - 85[0m
[0mPOST /juke [32m200 [0m1.530 ms - 85[0m
[0mPOST /juke [32m200 [0m1.526 ms - 85[0m
[0mPOST /juke [32m200 [0m1.528 ms - 85[0m
[0mPOST /juke [32m200 [0m1.638 ms - 85[0m
[0mPOST /juke [32m200 [0m1.654 ms - 85[0m
[0mPOST /juke [32m200 [0m1.558 ms - 85[0m
[0mPOST /juke [32m200 [0m1.679 ms - 85[0m
[0mPOST /juke [32m200 [0m2.400 ms - 85[0m
[0mPOST /juke [32m200 [0m1.632 ms - 85[0m
[0mPOST /juke [32m200 [0m1.533 ms - 85[0m
[0mPOST /juke [32m200 [0m1.595 ms - 85[0m
[0mPOST /juke [32m200 [0m1.582 ms - 85[0m
[0mPOST /juke [32m200 [0m1.662 ms - 85[0m
[0mPOST /juke [32m200 [0m1.653 ms - 85[0m
[0mPOST /juke [32m200 [0m1.570 ms - 85[0m
[0mPOST /juke [32m200 [0m1.620 ms - 85[0m
[0mPOST /juke [32m200 [0m1.584 ms - 85[0m
[0mPOST /juke [32m200 [0m1.603 ms - 85[0m
[0mPOST /juke [32m200 [0m2.630 ms - 85[0m
[0mPOST /juke [32m200 [0m1.561 ms - 85[0m
[0mPOST /juke [32m200 [0m1.569 ms - 85[0m
[0mPOST /juke [32m200 [0m1.575 ms - 85[0m
[0mPOST /juke [32m200 [0m1.601 ms - 85[0m
[0mPOST /juke [32m200 [0m1.678 ms - 85[0m
[0mPOST /juke [32m200 [0m1.633 ms - 85[0m
[0mPOST /juke [32m200 [0m1.532 ms - 85[0m
[0mPOST /juke [32m200 [0m9.253 ms - 85[0m
[0mPOST /juke [32m200 [0m1.502 ms - 85[0m
[0mPOST /juke [32m200 [0m1.562 ms - 85[0m
[0mPOST /juke [32m200 [0m2.381 ms - 85[0m
[0mPOST /juke [32m200 [0m1.543 ms - 85[0m
[0mPOST /juke [32m200 [0m1.622 ms - 85[0m
[0mPOST /juke [32m200 [0m1.592 ms - 85[0m
[0mPOST /juke [32m200 [0m1.560 ms - 85[0m
[0mPOST /juke [32m200 [0m1.609 ms - 85[0m
[0mPOST /juke [32m200 [0m1.610 ms - 85[0m
[0mPOST /juke [32m200 [0m1.550 ms - 85[0m
[0mPOST /juke [32m200 [0m1.506 ms - 85[0m
[0mPOST /juke [32m200 [0m1.584 ms - 85[0m
[0mPOST /juke [32m200 [0m1.551 ms - 85[0m
[0mPOST /juke [32m200 [0m1.540 ms - 85[0m
[0mPOST /juke [32m200 [0m1.600 ms - 85[0m
[0mPOST /juke [32m200 [0m1.611 ms - 85[0m
[0mPOST /juke [32m200 [0m1.573 ms - 85[0m
[0mPOST /juke [32m200 [0m1.553 ms - 85[0m
[0mPOST /juke [32m200 [0m5.650 ms - 85[0m
[0mPOST /juke [32m200 [0m2.918 ms - 85[0m
[0mPOST /juke [32m200 [0m1.619 ms - 85[0m
[0mPOST /juke [32m200 [0m1.679 ms - 85[0m
[0mPOST /juke [32m200 [0m1.602 ms - 85[0m
[0mPOST /juke [32m200 [0m10.582 ms - 85[0m
[0mPOST /juke [32m200 [0m1.602 ms - 85[0m
[0mPOST /juke [32m200 [0m1.529 ms - 85[0m
[0mPOST /juke [32m200 [0m1.546 ms - 85[0m
[0mPOST /juke [32m200 [0m1.562 ms - 85[0m
[0mPOST /juke [32m200 [0m1.556 ms - 85[0m
[0mPOST /juke [32m200 [0m1.535 ms - 85[0m
[0mPOST /juke [32m200 [0m1.512 ms - 85[0m
[0mPOST /juke [32m200 [0m1.543 ms - 85[0m
[0mPOST /juke [32m200 [0m1.566 ms - 85[0m
[0mPOST /juke [32m200 [0m1.660 ms - 85[0m
[0mPOST /juke [32m200 [0m2.449 ms - 85[0m
[0mPOST /juke [32m200 [0m1.532 ms - 85[0m
[0mPOST /juke [32m200 [0m1.437 ms - 85[0m
[0mPOST /juke [32m200 [0m1.562 ms - 85[0m
[0mPOST /juke [32m200 [0m1.551 ms - 85[0m
[0mPOST /juke [32m200 [0m1.568 ms - 85[0m
[0mPOST /juke [32m200 [0m1.541 ms - 85[0m
[0mPOST /juke [32m200 [0m1.451 ms - 85[0m
[0mPOST /juke [32m200 [0m1.673 ms - 85[0m
[0mPOST /juke [32m200 [0m1.454 ms - 85[0m
[0mPOST /juke [32m200 [0m1.529 ms - 85[0m
[0mPOST /juke [32m200 [0m2.574 ms - 85[0m
[0mPOST /juke [32m200 [0m1.590 ms - 85[0m
[0mPOST /juke [32m200 [0m1.580 ms - 85[0m
[0mPOST /juke [32m200 [0m1.511 ms - 85[0m
[0mPOST /juke [32m200 [0m1.576 ms - 85[0m
[0mPOST /juke [32m200 [0m1.552 ms - 85[0m
[0mPOST /juke [32m200 [0m1.534 ms - 85[0m
[0mPOST /juke [32m200 [0m1.526 ms - 85[0m
[0mPOST /juke [32m200 [0m1.539 ms - 85[0m
[0mPOST /juke [32m200 [0m1.530 ms - 85[0m
[0mPOST /juke [32m200 [0m1.581 ms - 85[0m
[0mPOST /juke [32m200 [0m2.579 ms - 85[0m
[0mPOST /juke [32m200 [0m1.612 ms - 85[0m
[0mPOST /juke [32m200 [0m1.622 ms - 85[0m
[0mPOST /juke [32m200 [0m1.519 ms - 85[0m
[0mPOST /juke [32m200 [0m1.565 ms - 85[0m
[0mPOST /juke [32m200 [0m1.503 ms - 85[0m
[0mPOST /juke [32m200 [0m1.525 ms - 85[0m
[0mPOST /juke [32m200 [0m1.613 ms - 85[0m
[0mPOST /juke [32m200 [0m1.466 ms - 85[0m
[0mPOST /juke [32m200 [0m1.518 ms - 85[0m
[0mPOST /juke [32m200 [0m2.362 ms - 85[0m
[0mPOST /juke [32m200 [0m1.583 ms - 85[0m
[0mPOST /juke [32m200 [0m1.503 ms - 85[0m
[0mPOST /juke [32m200 [0m1.561 ms - 85[0m
[0mPOST /juke [32m200 [0m1.475 ms - 85[0m
[0mPOST /juke [32m200 [0m1.539 ms - 85[0m
[0mPOST /juke [32m200 [0m1.569 ms - 85[0m
[0mPOST /juke [32m200 [0m1.542 ms - 85[0m
[0mPOST /juke [32m200 [0m3.977 ms - 85[0m
[0mPOST /juke [32m200 [0m1.541 ms - 85[0m
[0mPOST /juke [32m200 [0m1.552 ms - 85[0m
[0mPOST /juke [32m200 [0m2.464 ms - 85[0m
[0mPOST /juke [32m200 [0m1.502 ms - 85[0m
[0mPOST /juke [32m200 [0m1.512 ms - 85[0m
[0mPOST /juke [32m200 [0m1.511 ms - 85[0m
[0mPOST /juke [32m200 [0m1.474 ms - 85[0m
[0mPOST /juke [32m200 [0m1.490 ms - 85[0m
[0mPOST /juke [32m200 [0m1.590 ms - 85[0m
[0mPOST /juke [32m200 [0m1.452 ms - 85[0m
[0mPOST /juke [32m200 [0m1.533 ms - 85[0m
[0mPOST /juke [32m200 [0m1.532 ms - 85[0m
[0mPOST /juke [32m200 [0m1.555 ms - 85[0m
[0mPOST /juke [32m200 [0m2.481 ms - 85[0m
[0mPOST /juke [32m200 [0m1.522 ms - 85[0m
[0mPOST /juke [32m200 [0m1.556 ms - 85[0m
[0mPOST /juke [32m200 [0m1.533 ms - 85[0m
[0mPOST /juke [32m200 [0m1.584 ms - 85[0m
[0mPOST /juke [32m200 [0m1.610 ms - 85[0m
[0mPOST /juke [32m200 [0m1.565 ms - 85[0m
[0mPOST /juke [32m200 [0m1.470 ms - 85[0m
[0mPOST /juke [32m200 [0m1.568 ms - 85[0m
[0mPOST /juke [32m200 [0m1.538 ms - 85[0m
[0mPOST /juke [32m200 [0m1.493 ms - 85[0m
[0mPOST /juke [32m200 [0m2.467 ms - 85[0m
[0mPOST /juke [32m200 [0m1.520 ms - 85[0m
[0mPOST /juke [32m200 [0m1.542 ms - 85[0m
[0mPOST /juke [32m200 [0m4.075 ms - 85[0m
[0mPOST /juke [32m200 [0m1.558 ms - 85[0m
[0mPOST /juke [32m200 [0m1.560 ms - 85[0m
[0mPOST /juke [32m200 [0m1.457 ms - 85[0m
[0mPOST /juke [32m200 [0m1.528 ms - 85[0m
[0mPOST /juke [32m200 [0m1.578 ms - 85[0m
[0mPOST /juke [32m200 [0m1.601 ms - 85[0m
[0mPOST /juke [32m200 [0m1.485 ms - 85[0m
[0mPOST /juke [32m200 [0m1.525 ms - 85[0m
[0mPOST /juke [32m200 [0m1.586 ms - 85[0m
[0mPOST /juke [32m200 [0m1.539 ms - 85[0m
[0mPOST /juke [32m200 [0m1.495 ms - 85[0m
[0mPOST /juke [32m200 [0m1.519 ms - 85[0m
[0mPOST /juke [32m200 [0m1.542 ms - 85[0m
[0mPOST /juke [32m200 [0m1.526 ms - 85[0m
[0mPOST /juke [32m200 [0m1.553 ms - 85[0m
[0mPOST /juke [32m200 [0m1.546 ms - 85[0m
[0mPOST /juke [32m200 [0m1.518 ms - 85[0m
[0mPOST /juke [32m200 [0m1.469 ms - 85[0m
[0mPOST /juke [32m200 [0m1.536 ms - 85[0m
[0mPOST /juke [32m200 [0m1.622 ms - 85[0m
[0mPOST /juke [32m200 [0m1.545 ms - 85[0m
[0mPOST /juke [32m200 [0m1.545 ms - 85[0m
[0mPOST /juke [32m200 [0m1.537 ms - 85[0m
[0mPOST /juke [32m200 [0m1.484 ms - 85[0m
[0mPOST /juke [32m200 [0m1.462 ms - 85[0m
[0mPOST /juke [32m200 [0m1.499 ms - 85[0m
[0mPOST /juke [32m200 [0m1.491 ms - 85[0m
[0mPOST /juke [32m200 [0m1.569 ms - 85[0m
[0mPOST /juke [32m200 [0m2.408 ms - 85[0m
[0mPOST /juke [32m200 [0m1.481 ms - 85[0m
[0mPOST /juke [32m200 [0m1.833 ms - 85[0m
[0mPOST /juke [32m200 [0m1.504 ms - 85[0m
[0mPOST /juke [32m200 [0m1.587 ms - 85[0m
[0mPOST /juke [32m200 [0m1.544 ms - 85[0m
[0mPOST /juke [32m200 [0m1.501 ms - 85[0m
[0mPOST /juke [32m200 [0m1.481 ms - 85[0m
[0mPOST /juke [32m200 [0m1.539 ms - 85[0m
[0mPOST /juke [32m200 [0m1.430 ms - 85[0m
[0mPOST /juke [32m200 [0m1.507 ms - 85[0m
[0mPOST /juke [32m200 [0m2.452 ms - 85[0m
[0mPOST /juke [32m200 [0m1.549 ms - 85[0m
[0mPOST /juke [32m200 [0m1.472 ms - 85[0m
[0mPOST /juke [32m200 [0m1.525 ms - 85[0m
[0mPOST /juke [32m200 [0m1.520 ms - 85[0m
[0mPOST /juke [32m200 [0m1.509 ms - 85[0m
[0mPOST /juke [32m200 [0m1.545 ms - 85[0m
[0mPOST /juke [32m200 [0m1.572 ms - 85[0m
[0mPOST /juke [32m200 [0m1.494 ms - 85[0m
[0mPOST /juke [32m200 [0m1.503 ms - 85[0m
[0mPOST /juke [32m200 [0m2.839 ms - 85[0m
[0mPOST /juke [32m200 [0m47.258 ms - 102[0m
[0mPOST /juke [32m200 [0m9.368 ms - 117[0m
[0mPOST /juke [32m200 [0m9.623 ms - 38881[0m
[0mPOST /juke [32m200 [0m1.738 ms - 85[0m
[0mPOST /juke [32m200 [0m1.660 ms - 85[0m
[0mPOST /juke [32m200 [0m1.631 ms - 85[0m
[0mPOST /juke [32m200 [0m1.718 ms - 85[0m
[0mPOST /juke [32m200 [0m1.605 ms - 85[0m
[0mPOST /juke [32m200 [0m3.124 ms - 85[0m
[0mPOST /juke [32m200 [0m1.734 ms - 85[0m
[0mPOST /juke [32m200 [0m1.711 ms - 85[0m
[0mPOST /juke [32m200 [0m1.643 ms - 85[0m
[0mPOST /juke [32m200 [0m1.660 ms - 85[0m
[0mPOST /juke [32m200 [0m1.646 ms - 85[0m
[0mPOST /juke [32m200 [0m1.667 ms - 85[0m
[0mPOST /juke [32m200 [0m1.683 ms - 85[0m
[0mPOST /juke [32m200 [0m1.608 ms - 85[0m
[0mPOST /juke [32m200 [0m1.683 ms - 85[0m
[0mPOST /juke [32m200 [0m1.656 ms - 85[0m
[0mPOST /juke [32m200 [0m2.683 ms - 85[0m
[0mPOST /juke [32m200 [0m1.606 ms - 85[0m
[0mPOST /juke [32m200 [0m1.624 ms - 85[0m
[0mPOST /juke [32m200 [0m1.670 ms - 85[0m
[0mPOST /juke [32m200 [0m1.704 ms - 85[0m
[0mPOST /juke [32m200 [0m1.630 ms - 85[0m
[0mPOST /juke [32m200 [0m1.804 ms - 85[0m
[0mPOST /juke [32m200 [0m1.648 ms - 85[0m
[0mPOST /juke [32m200 [0m2.261 ms - 85[0m
[0mPOST /juke [32m200 [0m1.634 ms - 85[0m
[0mPOST /juke [32m200 [0m1.649 ms - 85[0m
[0mPOST /juke [32m200 [0m1.676 ms - 85[0m
[0mPOST /juke [32m200 [0m1.689 ms - 85[0m
[0mPOST /juke [32m200 [0m1.675 ms - 85[0m
[0mPOST /juke [32m200 [0m6.054 ms - 85[0m
[0mPOST /juke [32m200 [0m1.620 ms - 85[0m
[0mPOST /juke [32m200 [0m1.598 ms - 85[0m
[0mPOST /juke [32m200 [0m1.616 ms - 85[0m
[0mPOST /juke [32m200 [0m1.666 ms - 85[0m
[0mPOST /juke [32m200 [0m1.603 ms - 85[0m
[0mPOST /juke [32m200 [0m1.648 ms - 85[0m
[0mPOST /juke [32m200 [0m2.506 ms - 85[0m
[0mPOST /juke [32m200 [0m1.678 ms - 85[0m
[0mPOST /juke [32m200 [0m1.647 ms - 85[0m
[0mPOST /juke [32m200 [0m1.693 ms - 85[0m
[0mPOST /juke [32m200 [0m1.649 ms - 85[0m
[0mPOST /juke [32m200 [0m1.631 ms - 85[0m
[0mPOST /juke [32m200 [0m1.645 ms - 85[0m
[0mPOST /juke [32m200 [0m1.660 ms - 85[0m
[0mPOST /juke [32m200 [0m1.650 ms - 85[0m
[0mPOST /juke [32m200 [0m1.639 ms - 85[0m
[0mPOST /juke [32m200 [0m1.619 ms - 85[0m
[0mPOST /juke [32m200 [0m2.594 ms - 85[0m
[0mPOST /juke [32m200 [0m1.631 ms - 85[0m
[0mPOST /juke [32m200 [0m1.632 ms - 85[0m
[0mPOST /juke [32m200 [0m1.651 ms - 85[0m
[0mPOST /juke [32m200 [0m1.647 ms - 85[0m
[0mPOST /juke [32m200 [0m1.751 ms - 85[0m
[0mPOST /juke [32m200 [0m1.632 ms - 85[0m
[0mPOST /juke [32m200 [0m1.675 ms - 85[0m
[0mPOST /juke [32m200 [0m1.640 ms - 85[0m
[0mPOST /juke [32m200 [0m1.666 ms - 85[0m
[0mPOST /juke [32m200 [0m1.591 ms - 85[0m
[0mPOST /juke [32m200 [0m2.649 ms - 85[0m
[0mPOST /juke [32m200 [0m1.608 ms - 85[0m
[0mPOST /juke [32m200 [0m1.590 ms - 85[0m
[0mPOST /juke [32m200 [0m1.619 ms - 85[0m
[0mPOST /juke [32m200 [0m1.624 ms - 85[0m
[0mPOST /juke [32m200 [0m1.616 ms - 85[0m
[0mPOST /juke [32m200 [0m1.625 ms - 85[0m
[0mPOST /juke [32m200 [0m1.594 ms - 85[0m
[0mPOST /juke [32m200 [0m4.799 ms - 85[0m
[0mPOST /juke [32m200 [0m1.741 ms - 85[0m
[0mPOST /juke [32m200 [0m2.484 ms - 85[0m
[0mPOST /juke [32m200 [0m1.674 ms - 85[0m
[0mPOST /juke [32m200 [0m1.658 ms - 85[0m
[0mPOST /juke [32m200 [0m1.632 ms - 85[0m
[0mPOST /juke [32m200 [0m1.644 ms - 85[0m
[0mPOST /juke [32m200 [0m1.637 ms - 85[0m
[0mPOST /juke [32m200 [0m1.621 ms - 85[0m
[0mPOST /juke [32m200 [0m1.708 ms - 85[0m
[0mPOST /juke [32m200 [0m1.646 ms - 85[0m
[0mPOST /juke [32m200 [0m1.604 ms - 85[0m
[0mPOST /juke [32m200 [0m1.699 ms - 85[0m
[0mPOST /juke [32m200 [0m2.457 ms - 85[0m
[0mPOST /juke [32m200 [0m1.647 ms - 85[0m
[0mPOST /juke [32m200 [0m1.664 ms - 85[0m
[0mPOST /juke [32m200 [0m1.583 ms - 85[0m
[0mPOST /juke [32m200 [0m1.684 ms - 85[0m
[0mPOST /juke [32m200 [0m1.640 ms - 85[0m
[0mPOST /juke [32m200 [0m1.616 ms - 85[0m
[0mPOST /juke [32m200 [0m1.669 ms - 85[0m
[0mPOST /juke [32m200 [0m1.560 ms - 85[0m
[0mPOST /juke [32m200 [0m1.635 ms - 85[0m
[0mPOST /juke [32m200 [0m1.495 ms - 85[0m
[0mPOST /juke [32m200 [0m2.566 ms - 85[0m
[0mPOST /juke [32m200 [0m1.626 ms - 85[0m
[0mPOST /juke [32m200 [0m1.624 ms - 85[0m
[0mPOST /juke [32m200 [0m1.599 ms - 85[0m
[0mPOST /juke [32m200 [0m1.678 ms - 85[0m
[0mPOST /juke [32m200 [0m1.628 ms - 85[0m
[0mPOST /juke [32m200 [0m1.613 ms - 85[0m
[0mPOST /juke [32m200 [0m1.587 ms - 85[0m
[0mPOST /juke [32m200 [0m1.643 ms - 85[0m
[0mPOST /juke [32m200 [0m1.595 ms - 85[0m
[0mPOST /juke [32m200 [0m1.590 ms - 85[0m
[0mPOST /juke [32m200 [0m2.510 ms - 85[0m
[0mPOST /juke [32m200 [0m1.665 ms - 85[0m
[0mPOST /juke [32m200 [0m1.654 ms - 85[0m
[0mPOST /juke [32m200 [0m1.688 ms - 85[0m
[0mPOST /juke [32m200 [0m1.646 ms - 85[0m
[0mPOST /juke [32m200 [0m1.666 ms - 85[0m
[0mPOST /juke [32m200 [0m1.672 ms - 85[0m
[0mPOST /juke [32m200 [0m1.640 ms - 85[0m
[0mPOST /juke [32m200 [0m1.611 ms - 85[0m
[0mPOST /juke [32m200 [0m1.646 ms - 85[0m
[0mPOST /juke [32m200 [0m1.625 ms - 85[0m
[0mPOST /juke [32m200 [0m2.636 ms - 85[0m
[0mPOST /juke [32m200 [0m1.578 ms - 85[0m
[0mPOST /juke [32m200 [0m1.640 ms - 85[0m
[0mPOST /juke [32m200 [0m1.604 ms - 85[0m
[0mPOST /juke [32m200 [0m1.662 ms - 85[0m
[0mPOST /juke [32m200 [0m1.652 ms - 85[0m
[0mPOST /juke [32m200 [0m1.629 ms - 85[0m
[0mPOST /juke [32m200 [0m1.600 ms - 85[0m
[0mPOST /juke [32m200 [0m1.610 ms - 85[0m
[0mPOST /juke [32m200 [0m1.581 ms - 85[0m
[0mPOST /juke [32m200 [0m2.408 ms - 85[0m
[0mPOST /juke [32m200 [0m1.606 ms - 85[0m
[0mPOST /juke [32m200 [0m1.674 ms - 85[0m
[0mPOST /juke [32m200 [0m1.654 ms - 85[0m
[0mPOST /juke [32m200 [0m1.646 ms - 85[0m
[0mPOST /juke [32m200 [0m1.657 ms - 85[0m
[0mPOST /juke [32m200 [0m3.221 ms - 85[0m
[0mPOST /juke [32m200 [0m1.612 ms - 85[0m
[0mPOST /juke [32m200 [0m3.645 ms - 85[0m
[0mPOST /juke [32m200 [0m1.574 ms - 85[0m
[0mPOST /juke [32m200 [0m1.707 ms - 85[0m
[0mPOST /juke [32m200 [0m2.611 ms - 85[0m
[0mPOST /juke [32m200 [0m1.567 ms - 85[0m
[0mPOST /juke [32m200 [0m1.675 ms - 85[0m
[0mPOST /juke [32m200 [0m1.604 ms - 85[0m
[0mPOST /juke [32m200 [0m1.621 ms - 85[0m
[0mPOST /juke [32m200 [0m1.722 ms - 85[0m
[0mPOST /juke [32m200 [0m1.678 ms - 85[0m
[0mPOST /juke [32m200 [0m1.749 ms - 85[0m
[0mPOST /juke [32m200 [0m1.636 ms - 85[0m
[0mPOST /juke [32m200 [0m1.635 ms - 85[0m
[0mPOST /juke [32m200 [0m1.610 ms - 85[0m
[0mPOST /juke [32m200 [0m2.608 ms - 85[0m
[0mPOST /juke [32m200 [0m1.665 ms - 85[0m
[0mPOST /juke [32m200 [0m1.661 ms - 85[0m
[0mPOST /juke [32m200 [0m1.692 ms - 85[0m
[0mPOST /juke [32m200 [0m1.635 ms - 85[0m
[0mPOST /juke [32m200 [0m1.625 ms - 85[0m
[0mPOST /juke [32m200 [0m1.583 ms - 85[0m
[0mPOST /juke [32m200 [0m1.602 ms - 85[0m
[0mPOST /juke [32m200 [0m1.623 ms - 85[0m
[0mPOST /juke [32m200 [0m1.585 ms - 85[0m
[0mPOST /juke [32m200 [0m3.488 ms - 85[0m
[0mPOST /juke [32m200 [0m2.641 ms - 85[0m
[0mPOST /juke [32m200 [0m1.662 ms - 85[0m
[0mPOST /juke [32m200 [0m1.664 ms - 85[0m
[0mPOST /juke [32m200 [0m1.628 ms - 85[0m
[0mPOST /juke [32m200 [0m1.635 ms - 85[0m
[0mPOST /juke [32m200 [0m1.580 ms - 85[0m
[0mPOST /juke [32m200 [0m1.593 ms - 85[0m
[0mPOST /juke [32m200 [0m1.622 ms - 85[0m
[0mPOST /juke [32m200 [0m1.684 ms - 85[0m
[0mPOST /juke [32m200 [0m1.621 ms - 85[0m
[0mPOST /juke [32m200 [0m1.677 ms - 85[0m
[0mPOST /juke [32m200 [0m14.154 ms - 85[0m
[0mPOST /juke [32m200 [0m1.540 ms - 85[0m
[0mPOST /juke [32m200 [0m1.598 ms - 85[0m
[0mPOST /juke [32m200 [0m1.576 ms - 85[0m
[0mPOST /juke [32m200 [0m1.580 ms - 85[0m
[0mPOST /juke [32m200 [0m1.515 ms - 85[0m
[0mPOST /juke [32m200 [0m1.631 ms - 85[0m
[0mPOST /juke [32m200 [0m1.560 ms - 85[0m
[0mPOST /juke [32m200 [0m1.513 ms - 85[0m
[0mPOST /juke [32m200 [0m1.638 ms - 85[0m
[0mPOST /juke [32m200 [0m1.587 ms - 85[0m
[0mGET / [32m200 [0m0.978 ms - 7926[0m
[0mPOST /juke [32m200 [0m1.599 ms - 85[0m
[0mPOST /juke [32m200 [0m1.637 ms - 85[0m
[0mPOST /juke [32m200 [0m42.796 ms - 102[0m
[0mPOST /juke [32m200 [0m7.538 ms - 38881[0m
[0mPOST /juke [32m200 [0m3.095 ms - 85[0m
[0mPOST /juke [32m200 [0m1.556 ms - 85[0m
[0mPOST /juke [32m200 [0m1.600 ms - 85[0m
[0mPOST /juke [32m200 [0m1.610 ms - 85[0m
[0mPOST /juke [32m200 [0m9.766 ms - 85[0m
[0mPOST /juke [32m200 [0m1.570 ms - 85[0m
[0mPOST /juke [32m200 [0m1.638 ms - 85[0m
[0mPOST /juke [32m200 [0m1.603 ms - 85[0m
[0mPOST /juke [32m200 [0m1.646 ms - 85[0m
[0mPOST /juke [32m200 [0m2.695 ms - 85[0m
[0mPOST /juke [32m200 [0m1.562 ms - 85[0m
[0mPOST /juke [32m200 [0m1.720 ms - 85[0m
[0mPOST /juke [32m200 [0m1.675 ms - 85[0m
[0mPOST /juke [32m200 [0m1.661 ms - 85[0m
[0mPOST /juke [32m200 [0m1.511 ms - 85[0m
[0mPOST /juke [32m200 [0m1.671 ms - 85[0m
[0mPOST /juke [32m200 [0m1.604 ms - 85[0m
[0mPOST /juke [32m200 [0m1.660 ms - 85[0m
[0mPOST /juke [32m200 [0m1.681 ms - 85[0m
[0mPOST /juke [32m200 [0m1.642 ms - 85[0m
[0mPOST /juke [32m200 [0m2.595 ms - 85[0m
[0mPOST /juke [32m200 [0m1.606 ms - 85[0m
[0mPOST /juke [32m200 [0m1.627 ms - 85[0m
[0mPOST /juke [32m200 [0m1.599 ms - 85[0m
[0mPOST /juke [32m200 [0m1.629 ms - 85[0m
[0mPOST /juke [32m200 [0m1.651 ms - 85[0m
[0mPOST /juke [32m200 [0m1.672 ms - 85[0m
[0mPOST /juke [32m200 [0m1.690 ms - 85[0m
[0mPOST /juke [32m200 [0m1.644 ms - 85[0m
[0mPOST /juke [32m200 [0m1.697 ms - 85[0m
[0mPOST /juke [32m200 [0m1.693 ms - 85[0m
[0mPOST /juke [32m200 [0m2.506 ms - 85[0m
[0mPOST /juke [32m200 [0m1.713 ms - 85[0m
[0mPOST /juke [32m200 [0m1.661 ms - 85[0m
[0mPOST /juke [32m200 [0m1.594 ms - 85[0m
[0mPOST /juke [32m200 [0m1.632 ms - 85[0m
[0mPOST /juke [32m200 [0m1.709 ms - 85[0m
[0mPOST /juke [32m200 [0m1.634 ms - 85[0m
[0mPOST /juke [32m200 [0m1.577 ms - 85[0m
[0mPOST /juke [32m200 [0m1.640 ms - 85[0m
[0mPOST /juke [32m200 [0m1.674 ms - 85[0m
[0mPOST /juke [32m200 [0m1.652 ms - 85[0m
[0mPOST /juke [32m200 [0m26.894 ms - 85[0m
[0mPOST /juke [32m200 [0m10.335 ms - 85[0m
[0mPOST /juke [32m200 [0m1.731 ms - 85[0m
[0mPOST /juke [32m200 [0m1.750 ms - 85[0m
[0mPOST /juke [32m200 [0m1.694 ms - 85[0m
[0mPOST /juke [32m200 [0m1.572 ms - 85[0m
[0mPOST /juke [32m200 [0m1.627 ms - 85[0m
[0mPOST /juke [32m200 [0m1.625 ms - 85[0m
[0mPOST /juke [32m200 [0m1.678 ms - 85[0m
[0mPOST /juke [32m200 [0m1.650 ms - 85[0m
[0mPOST /juke [32m200 [0m1.685 ms - 85[0m
[0mPOST /juke [32m200 [0m1.812 ms - 85[0m
[0mPOST /juke [32m200 [0m1.678 ms - 85[0m
[0mPOST /juke [32m200 [0m1.675 ms - 85[0m
[0mPOST /juke [32m200 [0m1.651 ms - 85[0m
[0mPOST /juke [32m200 [0m1.704 ms - 85[0m
[0mPOST /juke [32m200 [0m1.645 ms - 85[0m
[0mPOST /juke [32m200 [0m1.695 ms - 85[0m
[0mPOST /juke [32m200 [0m1.620 ms - 85[0m
[0mPOST /juke [32m200 [0m1.633 ms - 85[0m
[0mPOST /juke [32m200 [0m1.738 ms - 85[0m
[0mPOST /juke [32m200 [0m1.671 ms - 85[0m
[0mPOST /juke [32m200 [0m2.556 ms - 85[0m
[0mPOST /juke [32m200 [0m1.582 ms - 85[0m
[0mPOST /juke [32m200 [0m1.607 ms - 85[0m
[0mPOST /juke [32m200 [0m1.661 ms - 85[0m
[0mPOST /juke [32m200 [0m1.655 ms - 85[0m
[0mPOST /juke [32m200 [0m1.623 ms - 85[0m
[0mPOST /juke [32m200 [0m1.584 ms - 85[0m
[0mPOST /juke [32m200 [0m1.604 ms - 85[0m
[0mPOST /juke [32m200 [0m1.627 ms - 85[0m
[0mPOST /juke [32m200 [0m1.593 ms - 85[0m
[0mPOST /juke [32m200 [0m1.552 ms - 85[0m
[0mPOST /juke [32m200 [0m2.480 ms - 85[0m
[0mPOST /juke [32m200 [0m1.521 ms - 85[0m
[0mPOST /juke [32m200 [0m1.709 ms - 85[0m
[0mPOST /juke [32m200 [0m1.607 ms - 85[0m
[0mPOST /juke [32m200 [0m1.621 ms - 85[0m
[0mPOST /juke [32m200 [0m1.643 ms - 85[0m
[0mPOST /juke [32m200 [0m1.664 ms - 85[0m
[0mPOST /juke [32m200 [0m1.614 ms - 85[0m
[0mPOST /juke [32m200 [0m1.672 ms - 85[0m
[0mPOST /juke [32m200 [0m1.586 ms - 85[0m
[0mPOST /juke [32m200 [0m1.725 ms - 85[0m
[0mPOST /juke [32m200 [0m2.625 ms - 85[0m
[0mPOST /juke [32m200 [0m1.714 ms - 85[0m
[0mPOST /juke [32m200 [0m1.653 ms - 85[0m
[0mPOST /juke [32m200 [0m1.631 ms - 85[0m
[0mPOST /juke [32m200 [0m1.654 ms - 85[0m
[0mPOST /juke [32m200 [0m8.375 ms - 85[0m
[0mPOST /juke [32m200 [0m1.550 ms - 85[0m
[0mPOST /juke [32m200 [0m1.548 ms - 85[0m
[0mPOST /juke [32m200 [0m1.573 ms - 85[0m
[0mPOST /juke [32m200 [0m1.600 ms - 85[0m
[0mPOST /juke [32m200 [0m1.599 ms - 85[0m
[0mPOST /juke [32m200 [0m2.578 ms - 85[0m
[0mPOST /juke [32m200 [0m1.625 ms - 85[0m
[0mPOST /juke [32m200 [0m1.683 ms - 85[0m
[0mPOST /juke [32m200 [0m1.569 ms - 85[0m
[0mPOST /juke [32m200 [0m1.577 ms - 85[0m
[0mPOST /juke [32m200 [0m1.626 ms - 85[0m
[0mPOST /juke [32m200 [0m1.691 ms - 85[0m
[0mPOST /juke [32m200 [0m1.597 ms - 85[0m
[0mPOST /juke [32m200 [0m1.554 ms - 85[0m
[0mPOST /juke [32m200 [0m1.571 ms - 85[0m
[0mPOST /juke [32m200 [0m1.626 ms - 85[0m
[0mPOST /juke [32m200 [0m1.599 ms - 85[0m
[0mPOST /juke [32m200 [0m1.661 ms - 85[0m
[0mPOST /juke [32m200 [0m1.578 ms - 85[0m
[0mPOST /juke [32m200 [0m1.625 ms - 85[0m
[0mPOST /juke [32m200 [0m1.559 ms - 85[0m
[0mPOST /juke [32m200 [0m1.635 ms - 85[0m
[0mPOST /juke [32m200 [0m1.552 ms - 85[0m
[0mPOST /juke [32m200 [0m1.621 ms - 85[0m
[0mPOST /juke [32m200 [0m1.559 ms - 85[0m
[0mPOST /juke [32m200 [0m1.608 ms - 85[0m
[0mPOST /juke [32m200 [0m1.669 ms - 85[0m
[0mPOST /juke [32m200 [0m1.568 ms - 85[0m
[0mPOST /juke [32m200 [0m1.632 ms - 85[0m
[0mPOST /juke [32m200 [0m1.601 ms - 85[0m
[0mPOST /juke [32m200 [0m1.582 ms - 85[0m
[0mPOST /juke [32m200 [0m1.631 ms - 85[0m
[0mPOST /juke [32m200 [0m1.693 ms - 85[0m
[0mPOST /juke [32m200 [0m1.600 ms - 85[0m
[0mPOST /juke [32m200 [0m1.569 ms - 85[0m
[0mPOST /juke [32m200 [0m4.977 ms - 85[0m
[0mPOST /juke [32m200 [0m1.637 ms - 85[0m
[0mPOST /juke [32m200 [0m2.495 ms - 85[0m
[0mPOST /juke [32m200 [0m1.631 ms - 85[0m
[0mPOST /juke [32m200 [0m1.561 ms - 85[0m
[0mPOST /juke [32m200 [0m1.566 ms - 85[0m
[0mPOST /juke [32m200 [0m1.532 ms - 85[0m
[0mPOST /juke [32m200 [0m1.526 ms - 85[0m
[0mPOST /juke [32m200 [0m1.615 ms - 85[0m
[0mPOST /juke [32m200 [0m1.574 ms - 85[0m
[0mPOST /juke [32m200 [0m1.503 ms - 85[0m
[0mPOST /juke [32m200 [0m1.621 ms - 85[0m
[0mPOST /juke [32m200 [0m1.569 ms - 85[0m
[0mPOST /juke [32m200 [0m2.524 ms - 85[0m
[0mPOST /juke [32m200 [0m1.608 ms - 85[0m
[0mPOST /juke [32m200 [0m1.506 ms - 85[0m
[0mPOST /juke [32m200 [0m1.527 ms - 85[0m
[0mPOST /juke [32m200 [0m1.488 ms - 85[0m
[0mPOST /juke [32m200 [0m1.571 ms - 85[0m
[0mPOST /juke [32m200 [0m1.515 ms - 85[0m
[0mPOST /juke [32m200 [0m1.557 ms - 85[0m
[0mPOST /juke [32m200 [0m1.549 ms - 85[0m
[0mPOST /juke [32m200 [0m1.587 ms - 85[0m
[0mPOST /juke [32m200 [0m1.669 ms - 85[0m
[0mPOST /juke [32m200 [0m3.029 ms - 85[0m
[0mPOST /juke [32m200 [0m1.517 ms - 85[0m
[0mPOST /juke [32m200 [0m1.669 ms - 85[0m
[0mPOST /juke [32m200 [0m1.559 ms - 85[0m
[0mPOST /juke [32m200 [0m1.556 ms - 85[0m
[0mPOST /juke [32m200 [0m1.548 ms - 85[0m
[0mPOST /juke [32m200 [0m1.578 ms - 85[0m
[0mPOST /juke [32m200 [0m1.496 ms - 85[0m
[0mPOST /juke [32m200 [0m1.655 ms - 85[0m
[0mPOST /juke [32m200 [0m1.561 ms - 85[0m
[0mPOST /juke [32m200 [0m1.577 ms - 85[0m
[0mPOST /juke [32m200 [0m2.549 ms - 85[0m
[0mPOST /juke [32m200 [0m1.543 ms - 85[0m
[0mPOST /juke [32m200 [0m1.537 ms - 85[0m
[0mPOST /juke [32m200 [0m1.547 ms - 85[0m
[0mPOST /juke [32m200 [0m1.601 ms - 85[0m
[0mPOST /juke [32m200 [0m1.504 ms - 85[0m
[0mPOST /juke [32m200 [0m10.206 ms - 85[0m
[0mPOST /juke [32m200 [0m1.484 ms - 85[0m
[0mPOST /juke [32m200 [0m1.573 ms - 85[0m
[0mPOST /juke [32m200 [0m1.541 ms - 85[0m
[0mPOST /juke [32m200 [0m1.514 ms - 85[0m
[0mPOST /juke [32m200 [0m2.505 ms - 85[0m
[0mPOST /juke [32m200 [0m1.493 ms - 85[0m
[0mPOST /juke [32m200 [0m1.556 ms - 85[0m
[0mPOST /juke [32m200 [0m1.509 ms - 85[0m
[0mPOST /juke [32m200 [0m6.869 ms - 85[0m
[0mPOST /juke [32m200 [0m10.043 ms - 85[0m
[0mPOST /juke [32m200 [0m1.511 ms - 85[0m
[0mPOST /juke [32m200 [0m1.463 ms - 85[0m
[0mPOST /juke [32m200 [0m1.633 ms - 85[0m
[0mPOST /juke [32m200 [0m1.522 ms - 85[0m
[0mPOST /juke [32m200 [0m1.536 ms - 85[0m
[0mPOST /juke [32m200 [0m1.536 ms - 85[0m
[0mPOST /juke [32m200 [0m1.518 ms - 85[0m
[0mPOST /juke [32m200 [0m1.534 ms - 85[0m
[0mPOST /juke [32m200 [0m1.513 ms - 85[0m
[0mPOST /juke [32m200 [0m1.478 ms - 85[0m
[0mPOST /juke [32m200 [0m1.518 ms - 85[0m
[0mPOST /juke [32m200 [0m1.518 ms - 85[0m
[0mPOST /juke [32m200 [0m1.553 ms - 85[0m
[0mPOST /juke [32m200 [0m1.600 ms - 85[0m
[0mPOST /juke [32m200 [0m1.573 ms - 85[0m
[0mPOST /juke [32m200 [0m2.365 ms - 85[0m
[0mPOST /juke [32m200 [0m1.508 ms - 85[0m
[0mPOST /juke [32m200 [0m1.489 ms - 85[0m
[0mPOST /juke [32m200 [0m1.541 ms - 85[0m
[0mPOST /juke [32m200 [0m1.589 ms - 85[0m
[0mPOST /juke [32m200 [0m1.579 ms - 85[0m
[0mPOST /juke [32m200 [0m1.583 ms - 85[0m
[0mPOST /juke [32m200 [0m1.745 ms - 85[0m
[0mPOST /juke [32m200 [0m8.117 ms - 85[0m
[0mPOST /juke [32m200 [0m1.538 ms - 85[0m
[0mPOST /juke [32m200 [0m1.489 ms - 85[0m
[0mPOST /juke [32m200 [0m2.315 ms - 85[0m
[0mPOST /juke [32m200 [0m1.501 ms - 85[0m
[0mPOST /juke [32m200 [0m1.458 ms - 85[0m
[0mPOST /juke [32m200 [0m1.480 ms - 85[0m
[0mPOST /juke [32m200 [0m1.487 ms - 85[0m
[0mPOST /juke [32m200 [0m1.501 ms - 85[0m
[0mPOST /juke [32m200 [0m1.476 ms - 85[0m
[0mPOST /juke [32m200 [0m1.465 ms - 85[0m
[0mPOST /juke [32m200 [0m1.445 ms - 85[0m
[0mPOST /juke [32m200 [0m1.511 ms - 85[0m
[0mPOST /juke [32m200 [0m1.456 ms - 85[0m
[0mPOST /juke [32m200 [0m2.398 ms - 85[0m
[0mPOST /juke [32m200 [0m1.465 ms - 85[0m
[0mPOST /juke [32m200 [0m1.536 ms - 85[0m
[0mPOST /juke [32m200 [0m1.468 ms - 85[0m
[0mPOST /juke [32m200 [0m1.457 ms - 85[0m
[0mPOST /juke [32m200 [0m1.513 ms - 85[0m
[0mPOST /juke [32m200 [0m1.528 ms - 85[0m
[0mPOST /juke [32m200 [0m1.477 ms - 85[0m
[0mPOST /juke [32m200 [0m1.618 ms - 85[0m
[0mPOST /juke [32m200 [0m1.485 ms - 85[0m
[0mPOST /juke [32m200 [0m1.489 ms - 85[0m
[0mPOST /juke [32m200 [0m2.368 ms - 85[0m
[0mPOST /juke [32m200 [0m1.521 ms - 85[0m
[0mPOST /juke [32m200 [0m1.533 ms - 85[0m
[0mPOST /juke [32m200 [0m1.510 ms - 85[0m
[0mPOST /juke [32m200 [0m1.596 ms - 85[0m
[0mPOST /juke [32m200 [0m1.517 ms - 85[0m
[0mPOST /juke [32m200 [0m1.524 ms - 85[0m
[0mPOST /juke [32m200 [0m1.537 ms - 85[0m
[0mPOST /juke [32m200 [0m1.501 ms - 85[0m
[0mPOST /juke [32m200 [0m1.535 ms - 85[0m
[0mPOST /juke [32m200 [0m1.451 ms - 85[0m
[0mPOST /juke [32m200 [0m2.280 ms - 85[0m
[0mPOST /juke [32m200 [0m1.512 ms - 85[0m
[0mPOST /juke [32m200 [0m1.482 ms - 85[0m
[0mPOST /juke [32m200 [0m1.511 ms - 85[0m
[0mPOST /juke [32m200 [0m1.558 ms - 85[0m
[0mPOST /juke [32m200 [0m1.529 ms - 85[0m
[0mPOST /juke [32m200 [0m1.548 ms - 85[0m
[0mPOST /juke [32m200 [0m1.499 ms - 85[0m
[0mPOST /juke [32m200 [0m1.527 ms - 85[0m
[0mPOST /juke [32m200 [0m1.506 ms - 85[0m
[0mPOST /juke [32m200 [0m1.526 ms - 85[0m
[0mPOST /juke [32m200 [0m1.453 ms - 85[0m
[0mPOST /juke [32m200 [0m1.555 ms - 85[0m
[0mPOST /juke [32m200 [0m1.579 ms - 85[0m
[0mPOST /juke [32m200 [0m1.520 ms - 85[0m
[0mPOST /juke [32m200 [0m1.490 ms - 85[0m
[0mPOST /juke [32m200 [0m1.523 ms - 85[0m
[0mPOST /juke [32m200 [0m1.513 ms - 85[0m
[0mPOST /juke [32m200 [0m1.531 ms - 85[0m
[0mPOST /juke [32m200 [0m1.506 ms - 85[0m
[0mPOST /juke [32m200 [0m1.533 ms - 85[0m
[0mPOST /juke [32m200 [0m1.494 ms - 85[0m
[0mPOST /juke [32m200 [0m1.470 ms - 85[0m
[0mPOST /juke [32m200 [0m1.525 ms - 85[0m
[0mPOST /juke [32m200 [0m1.540 ms - 85[0m
[0mPOST /juke [32m200 [0m1.534 ms - 85[0m
[0mPOST /juke [32m200 [0m1.510 ms - 85[0m
[0mPOST /juke [32m200 [0m1.482 ms - 85[0m
[0mPOST /juke [32m200 [0m1.507 ms - 85[0m
[0mPOST /juke [32m200 [0m1.481 ms - 85[0m
[0mPOST /juke [32m200 [0m1.497 ms - 85[0m
[0mPOST /juke [32m200 [0m1.507 ms - 85[0m
[0mPOST /juke [32m200 [0m1.539 ms - 85[0m
[0mPOST /juke [32m200 [0m1.638 ms - 85[0m
[0mPOST /juke [32m200 [0m1.536 ms - 85[0m
[0mPOST /juke [32m200 [0m1.494 ms - 85[0m
[0mPOST /juke [32m200 [0m1.459 ms - 85[0m
[0mPOST /juke [32m200 [0m1.548 ms - 85[0m
[0mPOST /juke [32m200 [0m1.480 ms - 85[0m
[0mPOST /juke [32m200 [0m1.503 ms - 85[0m
[0mPOST /juke [32m200 [0m1.539 ms - 85[0m
[0mPOST /juke [32m200 [0m1.577 ms - 85[0m
[0mPOST /juke [32m200 [0m1.511 ms - 85[0m
[0mPOST /juke [32m200 [0m1.545 ms - 85[0m
[0mPOST /juke [32m200 [0m1.537 ms - 85[0m
[0mPOST /juke [32m200 [0m1.561 ms - 85[0m
[0mPOST /juke [32m200 [0m1.507 ms - 85[0m
[0mPOST /juke [32m200 [0m1.510 ms - 85[0m
[0mPOST /juke [32m200 [0m1.507 ms - 85[0m
[0mPOST /juke [32m200 [0m1.466 ms - 85[0m
[0mPOST /juke [32m200 [0m1.512 ms - 85[0m
[0mPOST /juke [32m200 [0m1.619 ms - 85[0m
[0mPOST /juke [32m200 [0m1.547 ms - 85[0m
[0mPOST /juke [32m200 [0m1.535 ms - 85[0m
[0mPOST /juke [32m200 [0m1.536 ms - 85[0m
[0mPOST /juke [32m200 [0m1.547 ms - 85[0m
[0mPOST /juke [32m200 [0m1.481 ms - 85[0m
[0mPOST /juke [32m200 [0m1.519 ms - 85[0m
[0mPOST /juke [32m200 [0m1.547 ms - 85[0m
[0mPOST /juke [32m200 [0m1.460 ms - 85[0m
[0mPOST /juke [32m200 [0m1.532 ms - 85[0m
[0mPOST /juke [32m200 [0m1.496 ms - 85[0m
[0mPOST /juke [32m200 [0m1.561 ms - 85[0m
[0mPOST /juke [32m200 [0m1.405 ms - 85[0m
[0mPOST /juke [32m200 [0m1.513 ms - 85[0m
[0mPOST /juke [32m200 [0m2.289 ms - 85[0m
[0mPOST /juke [32m200 [0m1.538 ms - 85[0m
[0mPOST /juke [32m200 [0m1.511 ms - 85[0m
[0mPOST /juke [32m200 [0m1.449 ms - 85[0m
[0mPOST /juke [32m200 [0m1.638 ms - 85[0m
[0mPOST /juke [32m200 [0m1.445 ms - 85[0m
[0mPOST /juke [32m200 [0m1.517 ms - 85[0m
[0mPOST /juke [32m200 [0m1.499 ms - 85[0m
[0mPOST /juke [32m200 [0m1.484 ms - 85[0m
[0mPOST /juke [32m200 [0m1.519 ms - 85[0m
[0mPOST /juke [32m200 [0m1.513 ms - 85[0m
[0mPOST /juke [32m200 [0m2.460 ms - 85[0m
[0mPOST /juke [32m200 [0m1.539 ms - 85[0m
[0mPOST /juke [32m200 [0m1.500 ms - 85[0m
[0mPOST /juke [32m200 [0m1.570 ms - 85[0m
[0mPOST /juke [32m200 [0m1.513 ms - 85[0m
[0mPOST /juke [32m200 [0m1.575 ms - 85[0m
[0mPOST /juke [32m200 [0m1.500 ms - 85[0m
[0mPOST /juke [32m200 [0m1.505 ms - 85[0m
[0mPOST /juke [32m200 [0m1.493 ms - 85[0m
[0mPOST /juke [32m200 [0m1.478 ms - 85[0m
[0mPOST /juke [32m200 [0m1.510 ms - 85[0m
[0mPOST /juke [32m200 [0m1.513 ms - 85[0m
[0mPOST /juke [32m200 [0m1.473 ms - 85[0m
[0mPOST /juke [32m200 [0m1.566 ms - 85[0m
[0mPOST /juke [32m200 [0m1.487 ms - 85[0m
[0mPOST /juke [32m200 [0m1.505 ms - 85[0m
[0mPOST /juke [32m200 [0m1.464 ms - 85[0m
[0mPOST /juke [32m200 [0m1.494 ms - 85[0m
[0mPOST /juke [32m200 [0m1.493 ms - 85[0m
[0mPOST /juke [32m200 [0m1.479 ms - 85[0m
[0mPOST /juke [32m200 [0m1.531 ms - 85[0m
[0mPOST /juke [32m200 [0m8.098 ms - 85[0m
[0mPOST /juke [32m200 [0m1.453 ms - 85[0m
[0mPOST /juke [32m200 [0m1.567 ms - 85[0m
[0mPOST /juke [32m200 [0m1.485 ms - 85[0m
[0mPOST /juke [32m200 [0m1.464 ms - 85[0m
[0mPOST /juke [32m200 [0m1.451 ms - 85[0m
[0mPOST /juke [32m200 [0m1.460 ms - 85[0m
[0mPOST /juke [32m200 [0m6.635 ms - 85[0m
[0mPOST /juke [32m200 [0m1.510 ms - 85[0m
[0mPOST /juke [32m200 [0m1.536 ms - 85[0m
[0mPOST /juke [32m200 [0m1.513 ms - 85[0m
[0mPOST /juke [32m200 [0m1.422 ms - 85[0m
[0mPOST /juke [32m200 [0m1.454 ms - 85[0m
[0mPOST /juke [32m200 [0m1.465 ms - 85[0m
[0mPOST /juke [32m200 [0m1.484 ms - 85[0m
[0mPOST /juke [32m200 [0m1.506 ms - 85[0m
[0mPOST /juke [32m200 [0m1.529 ms - 85[0m
[0mPOST /juke [32m200 [0m1.458 ms - 85[0m
[0mPOST /juke [32m200 [0m1.460 ms - 85[0m
[0mPOST /juke [32m200 [0m1.526 ms - 85[0m
[0mPOST /juke [32m200 [0m1.460 ms - 85[0m
[0mPOST /juke [32m200 [0m1.508 ms - 85[0m
[0mPOST /juke [32m200 [0m1.538 ms - 85[0m
[0mPOST /juke [32m200 [0m1.469 ms - 85[0m
[0mPOST /juke [32m200 [0m1.514 ms - 85[0m
[0mPOST /juke [32m200 [0m1.546 ms - 85[0m
[0mPOST /juke [32m200 [0m1.544 ms - 85[0m
[0mPOST /juke [32m200 [0m1.514 ms - 85[0m
[0mPOST /juke [32m200 [0m1.500 ms - 85[0m
[0mPOST /juke [32m200 [0m1.495 ms - 85[0m
[0mPOST /juke [32m200 [0m1.521 ms - 85[0m
[0mPOST /juke [32m200 [0m1.489 ms - 85[0m
[0mPOST /juke [32m200 [0m1.483 ms - 85[0m
[0mPOST /juke [32m200 [0m1.440 ms - 85[0m
[0mPOST /juke [32m200 [0m1.515 ms - 85[0m
[0mPOST /juke [32m200 [0m1.415 ms - 85[0m
[0mPOST /juke [32m200 [0m1.511 ms - 85[0m
[0mPOST /juke [32m200 [0m1.505 ms - 85[0m
[0mPOST /juke [32m200 [0m1.450 ms - 85[0m
[0mPOST /juke [32m200 [0m1.530 ms - 85[0m
[0mPOST /juke [32m200 [0m1.465 ms - 85[0m
[0mPOST /juke [32m200 [0m1.429 ms - 85[0m
[0mPOST /juke [32m200 [0m1.432 ms - 85[0m
[0mPOST /juke [32m200 [0m1.454 ms - 85[0m
[0mPOST /juke [32m200 [0m2.652 ms - 85[0m
[0mPOST /juke [32m200 [0m1.444 ms - 85[0m
[0mPOST /juke [32m200 [0m1.511 ms - 85[0m
[0mPOST /juke [32m200 [0m1.482 ms - 85[0m
[0mPOST /juke [32m200 [0m1.553 ms - 85[0m
[0mPOST /juke [32m200 [0m1.474 ms - 85[0m
[0mPOST /juke [32m200 [0m1.486 ms - 85[0m
[0mPOST /juke [32m200 [0m1.567 ms - 85[0m
[0mPOST /juke [32m200 [0m1.614 ms - 85[0m
[0mPOST /juke [32m200 [0m1.487 ms - 85[0m
[0mPOST /juke [32m200 [0m1.564 ms - 85[0m
[0mPOST /juke [32m200 [0m2.444 ms - 85[0m
[0mPOST /juke [32m200 [0m8.732 ms - 85[0m
[0mPOST /juke [32m200 [0m1.614 ms - 85[0m
[0mPOST /juke [32m200 [0m1.422 ms - 85[0m
[0mPOST /juke [32m200 [0m1.472 ms - 85[0m
[0mPOST /juke [32m200 [0m1.455 ms - 85[0m
[0mPOST /juke [32m200 [0m1.435 ms - 85[0m
[0mPOST /juke [32m200 [0m1.543 ms - 85[0m
[0mPOST /juke [32m200 [0m1.416 ms - 85[0m
[0mPOST /juke [32m200 [0m1.475 ms - 85[0m
[0mPOST /juke [32m200 [0m1.549 ms - 85[0m
[0mPOST /juke [32m200 [0m2.488 ms - 85[0m
[0mPOST /juke [32m200 [0m1.421 ms - 85[0m
[0mPOST /juke [32m200 [0m1.420 ms - 85[0m
[0mPOST /juke [32m200 [0m1.498 ms - 85[0m
[0mPOST /juke [32m200 [0m5.641 ms - 85[0m
[0mPOST /juke [32m200 [0m1.470 ms - 85[0m
[0mPOST /juke [32m200 [0m1.505 ms - 85[0m
[0mPOST /juke [32m200 [0m1.465 ms - 85[0m
[0mPOST /juke [32m200 [0m1.467 ms - 85[0m
[0mPOST /juke [32m200 [0m1.450 ms - 85[0m
[0mPOST /juke [32m200 [0m4.374 ms - 85[0m
[0mPOST /juke [32m200 [0m7.997 ms - 85[0m
[0mPOST /juke [32m200 [0m1.424 ms - 85[0m
[0mPOST /juke [32m200 [0m1.494 ms - 85[0m
[0mPOST /juke [32m200 [0m1.426 ms - 85[0m
[0mPOST /juke [32m200 [0m1.546 ms - 85[0m
[0mPOST /juke [32m200 [0m1.476 ms - 85[0m
[0mPOST /juke [32m200 [0m1.453 ms - 85[0m
[0mPOST /juke [32m200 [0m1.477 ms - 85[0m
[0mPOST /juke [32m200 [0m1.462 ms - 85[0m
[0mPOST /juke [32m200 [0m1.448 ms - 85[0m
[0mPOST /juke [32m200 [0m1.453 ms - 85[0m
[0mPOST /juke [32m200 [0m1.374 ms - 85[0m
[0mPOST /juke [32m200 [0m1.470 ms - 85[0m
[0mPOST /juke [32m200 [0m1.510 ms - 85[0m
[0mPOST /juke [32m200 [0m1.551 ms - 85[0m
[0mPOST /juke [32m200 [0m7.611 ms - 85[0m
[0mPOST /juke [32m200 [0m1.460 ms - 85[0m
[0mPOST /juke [32m200 [0m1.374 ms - 85[0m
[0mPOST /juke [32m200 [0m1.453 ms - 85[0m
[0mPOST /juke [32m200 [0m1.471 ms - 85[0m
[0mPOST /juke [32m200 [0m1.450 ms - 85[0m
[0mPOST /juke [32m200 [0m1.491 ms - 85[0m
[0mPOST /juke [32m200 [0m1.397 ms - 85[0m
[0mPOST /juke [32m200 [0m1.360 ms - 85[0m
[0mPOST /juke [32m200 [0m1.468 ms - 85[0m
[0mPOST /juke [32m200 [0m1.452 ms - 85[0m
[0mPOST /juke [32m200 [0m1.444 ms - 85[0m
[0mPOST /juke [32m200 [0m1.507 ms - 85[0m
[0mPOST /juke [32m200 [0m1.498 ms - 85[0m
[0mPOST /juke [32m200 [0m1.443 ms - 85[0m
[0mPOST /juke [32m200 [0m1.459 ms - 85[0m
[0mPOST /juke [32m200 [0m1.409 ms - 85[0m
[0mPOST /juke [32m200 [0m1.444 ms - 85[0m
[0mPOST /juke [32m200 [0m1.498 ms - 85[0m
[0mPOST /juke [32m200 [0m1.493 ms - 85[0m
[0mPOST /juke [32m200 [0m1.502 ms - 85[0m
[0mPOST /juke [32m200 [0m1.504 ms - 85[0m
[0mPOST /juke [32m200 [0m1.433 ms - 85[0m
[0mPOST /juke [32m200 [0m1.455 ms - 85[0m
[0mPOST /juke [32m200 [0m1.537 ms - 85[0m
[0mPOST /juke [32m200 [0m1.441 ms - 85[0m
[0mPOST /juke [32m200 [0m1.462 ms - 85[0m
[0mPOST /juke [32m200 [0m1.438 ms - 85[0m
[0mPOST /juke [32m200 [0m2.472 ms - 85[0m
[0mPOST /juke [32m200 [0m1.422 ms - 85[0m
[0mPOST /juke [32m200 [0m1.522 ms - 85[0m
[0mPOST /juke [32m200 [0m1.466 ms - 85[0m
[0mPOST /juke [32m200 [0m1.453 ms - 85[0m
[0mPOST /juke [32m200 [0m1.539 ms - 85[0m
[0mPOST /juke [32m200 [0m1.480 ms - 85[0m
[0mPOST /juke [32m200 [0m1.401 ms - 85[0m
[0mPOST /juke [32m200 [0m1.452 ms - 85[0m
[0mPOST /juke [32m200 [0m1.458 ms - 85[0m
[0mPOST /juke [32m200 [0m1.490 ms - 85[0m
[0mPOST /juke [32m200 [0m2.522 ms - 85[0m
[0mPOST /juke [32m200 [0m1.440 ms - 85[0m
[0mPOST /juke [32m200 [0m1.607 ms - 85[0m
[0mPOST /juke [32m200 [0m1.457 ms - 85[0m
[0mPOST /juke [32m200 [0m1.468 ms - 85[0m
[0mPOST /juke [32m200 [0m1.463 ms - 85[0m
[0mPOST /juke [32m200 [0m1.498 ms - 85[0m
[0mPOST /juke [32m200 [0m1.507 ms - 85[0m
[0mPOST /juke [32m200 [0m1.487 ms - 85[0m
[0mPOST /juke [32m200 [0m1.521 ms - 85[0m
[0mPOST /juke [32m200 [0m1.470 ms - 85[0m
[0mPOST /juke [32m200 [0m2.419 ms - 85[0m
[0mPOST /juke [32m200 [0m1.509 ms - 85[0m
[0mPOST /juke [32m200 [0m1.448 ms - 85[0m
[0mPOST /juke [32m200 [0m1.446 ms - 85[0m
[0mPOST /juke [32m200 [0m1.421 ms - 85[0m
[0mPOST /juke [32m200 [0m1.485 ms - 85[0m
[0mPOST /juke [32m200 [0m1.475 ms - 85[0m
[0mPOST /juke [32m200 [0m1.448 ms - 85[0m
[0mPOST /juke [32m200 [0m1.456 ms - 85[0m
[0mPOST /juke [32m200 [0m1.523 ms - 85[0m
[0mPOST /juke [32m200 [0m1.416 ms - 85[0m
[0mPOST /juke [32m200 [0m1.404 ms - 85[0m
[0mPOST /juke [32m200 [0m1.415 ms - 85[0m
[0mPOST /juke [32m200 [0m1.388 ms - 85[0m
[0mPOST /juke [32m200 [0m1.443 ms - 85[0m
[0mPOST /juke [32m200 [0m1.485 ms - 85[0m
[0mPOST /juke [32m200 [0m1.517 ms - 85[0m
[0mPOST /juke [32m200 [0m1.483 ms - 85[0m
[0mPOST /juke [32m200 [0m1.478 ms - 85[0m
[0mPOST /juke [32m200 [0m1.481 ms - 85[0m
[0mPOST /juke [32m200 [0m1.492 ms - 85[0m
[0mPOST /juke [32m200 [0m1.470 ms - 85[0m
[0mPOST /juke [32m200 [0m1.333 ms - 85[0m
[0mPOST /juke [32m200 [0m1.469 ms - 85[0m
[0mPOST /juke [32m200 [0m1.437 ms - 85[0m
[0mPOST /juke [32m200 [0m1.546 ms - 85[0m
[0mPOST /juke [32m200 [0m1.404 ms - 85[0m
[0mPOST /juke [32m200 [0m1.423 ms - 85[0m
[0mPOST /juke [32m200 [0m1.452 ms - 85[0m
[0mPOST /juke [32m200 [0m1.431 ms - 85[0m
[0mPOST /juke [32m200 [0m1.438 ms - 85[0m
[0mPOST /juke [32m200 [0m1.482 ms - 85[0m
[0mPOST /juke [32m200 [0m1.358 ms - 85[0m
[0mPOST /juke [32m200 [0m1.402 ms - 85[0m
[0mPOST /juke [32m200 [0m1.417 ms - 85[0m
[0mPOST /juke [32m200 [0m1.471 ms - 85[0m
[0mPOST /juke [32m200 [0m1.456 ms - 85[0m
[0mPOST /juke [32m200 [0m1.473 ms - 85[0m
[0mPOST /juke [32m200 [0m1.418 ms - 85[0m
[0mPOST /juke [32m200 [0m1.536 ms - 85[0m
[0mPOST /juke [32m200 [0m1.499 ms - 85[0m
[0mPOST /juke [32m200 [0m1.459 ms - 85[0m
[0mPOST /juke [32m200 [0m1.413 ms - 85[0m
[0mPOST /juke [32m200 [0m2.659 ms - 85[0m
[0mPOST /juke [32m200 [0m1.507 ms - 85[0m
[0mPOST /juke [32m200 [0m1.354 ms - 85[0m
[0mPOST /juke [32m200 [0m1.352 ms - 85[0m
[0mPOST /juke [32m200 [0m1.440 ms - 85[0m
[0mPOST /juke [32m200 [0m1.475 ms - 85[0m
[0mPOST /juke [32m200 [0m1.535 ms - 85[0m
[0mPOST /juke [32m200 [0m1.466 ms - 85[0m
[0mPOST /juke [32m200 [0m1.464 ms - 85[0m
[0mPOST /juke [32m200 [0m1.484 ms - 85[0m
[0mPOST /juke [32m200 [0m1.465 ms - 85[0m
[0mPOST /juke [32m200 [0m2.616 ms - 85[0m
[0mPOST /juke [32m200 [0m1.419 ms - 85[0m
[0mPOST /juke [32m200 [0m1.413 ms - 85[0m
[0mPOST /juke [32m200 [0m1.461 ms - 85[0m
[0mPOST /juke [32m200 [0m1.526 ms - 85[0m
[0mPOST /juke [32m200 [0m2.283 ms - 85[0m
[0mPOST /juke [32m200 [0m1.383 ms - 85[0m
[0mPOST /juke [32m200 [0m1.468 ms - 85[0m
[0mPOST /juke [32m200 [0m1.505 ms - 85[0m
[0mPOST /juke [32m200 [0m1.415 ms - 85[0m
[0mPOST /juke [32m200 [0m1.497 ms - 85[0m
[0mPOST /juke [32m200 [0m7.430 ms - 85[0m
[0mPOST /juke [32m200 [0m1.375 ms - 85[0m
[0mPOST /juke [32m200 [0m1.674 ms - 85[0m
[0mPOST /juke [32m200 [0m1.401 ms - 85[0m
[0mPOST /juke [32m200 [0m1.403 ms - 85[0m
[0mPOST /juke [32m200 [0m1.397 ms - 85[0m
[0mPOST /juke [32m200 [0m1.402 ms - 85[0m
[0mPOST /juke [32m200 [0m1.403 ms - 85[0m
[0mPOST /juke [32m200 [0m1.367 ms - 85[0m
[0mPOST /juke [32m200 [0m1.436 ms - 85[0m
[0mPOST /juke [32m200 [0m1.460 ms - 85[0m
[0mPOST /juke [32m200 [0m2.446 ms - 85[0m
[0mPOST /juke [32m200 [0m1.428 ms - 85[0m
[0mPOST /juke [32m200 [0m2.379 ms - 85[0m
[0mPOST /juke [32m200 [0m1.427 ms - 85[0m
[0mPOST /juke [32m200 [0m2.108 ms - 85[0m
[0mPOST /juke [32m200 [0m1.380 ms - 85[0m
[0mPOST /juke [32m200 [0m1.480 ms - 85[0m
[0mPOST /juke [32m200 [0m1.415 ms - 85[0m
[0mPOST /juke [32m200 [0m1.508 ms - 85[0m
[0mPOST /juke [32m200 [0m1.451 ms - 85[0m
[0mPOST /juke [32m200 [0m1.438 ms - 85[0m
[0mPOST /juke [32m200 [0m2.657 ms - 85[0m
[0mPOST /juke [32m200 [0m1.385 ms - 85[0m
[0mPOST /juke [32m200 [0m1.477 ms - 85[0m
[0mPOST /juke [32m200 [0m1.407 ms - 85[0m
[0mPOST /juke [32m200 [0m1.425 ms - 85[0m
[0mPOST /juke [32m200 [0m1.529 ms - 85[0m
[0mPOST /juke [32m200 [0m1.497 ms - 85[0m
[0mPOST /juke [32m200 [0m1.392 ms - 85[0m
[0mPOST /juke [32m200 [0m1.396 ms - 85[0m
[0mPOST /juke [32m200 [0m1.462 ms - 85[0m
[0mPOST /juke [32m200 [0m1.501 ms - 85[0m
[0mPOST /juke [32m200 [0m1.506 ms - 85[0m
[0mPOST /juke [32m200 [0m1.395 ms - 85[0m
[0mPOST /juke [32m200 [0m1.481 ms - 85[0m
[0mPOST /juke [32m200 [0m1.448 ms - 85[0m
[0mPOST /juke [32m200 [0m1.452 ms - 85[0m
[0mPOST /juke [32m200 [0m1.515 ms - 85[0m
[0mPOST /juke [32m200 [0m1.431 ms - 85[0m
[0mPOST /juke [32m200 [0m1.439 ms - 85[0m
[0mPOST /juke [32m200 [0m1.453 ms - 85[0m
[0mPOST /juke [32m200 [0m1.373 ms - 85[0m
[0mPOST /juke [32m200 [0m2.531 ms - 85[0m
[0mPOST /juke [32m200 [0m1.439 ms - 85[0m
[0mPOST /juke [32m200 [0m1.538 ms - 85[0m
[0mPOST /juke [32m200 [0m1.457 ms - 85[0m
[0mPOST /juke [32m200 [0m1.445 ms - 85[0m
[0mPOST /juke [32m200 [0m1.491 ms - 85[0m
[0mPOST /juke [32m200 [0m1.428 ms - 85[0m
[0mPOST /juke [32m200 [0m1.552 ms - 85[0m
[0mPOST /juke [32m200 [0m1.452 ms - 85[0m
[0mPOST /juke [32m200 [0m1.451 ms - 85[0m
[0mPOST /juke [32m200 [0m1.484 ms - 85[0m
[0mPOST /juke [32m200 [0m2.612 ms - 85[0m
[0mPOST /juke [32m200 [0m1.423 ms - 85[0m
[0mPOST /juke [32m200 [0m1.463 ms - 85[0m
[0mPOST /juke [32m200 [0m1.493 ms - 85[0m
[0mPOST /juke [32m200 [0m1.487 ms - 85[0m
[0mPOST /juke [32m200 [0m1.456 ms - 85[0m
[0mPOST /juke [32m200 [0m1.370 ms - 85[0m
[0mPOST /juke [32m200 [0m1.467 ms - 85[0m
[0mPOST /juke [32m200 [0m1.385 ms - 85[0m
[0mPOST /juke [32m200 [0m1.463 ms - 85[0m
[0mPOST /juke [32m200 [0m1.484 ms - 85[0m
[0mPOST /juke [32m200 [0m2.522 ms - 85[0m
[0mPOST /juke [32m200 [0m1.436 ms - 85[0m
[0mPOST /juke [32m200 [0m1.408 ms - 85[0m
[0mPOST /juke [32m200 [0m2.377 ms - 85[0m
[0mPOST /juke [32m200 [0m1.403 ms - 85[0m
[0mPOST /juke [32m200 [0m1.483 ms - 85[0m
[0mPOST /juke [32m200 [0m1.443 ms - 85[0m
[0mPOST /juke [32m200 [0m1.453 ms - 85[0m
[0mPOST /juke [32m200 [0m1.701 ms - 85[0m
[0mPOST /juke [32m200 [0m1.455 ms - 85[0m
[0mPOST /juke [32m200 [0m1.502 ms - 85[0m
[0mPOST /juke [32m200 [0m2.583 ms - 85[0m
[0mPOST /juke [32m200 [0m1.376 ms - 85[0m
[0mPOST /juke [32m200 [0m1.495 ms - 85[0m
[0mPOST /juke [32m200 [0m4.489 ms - 85[0m
[0mPOST /juke [32m200 [0m1.451 ms - 85[0m
[0mPOST /juke [32m200 [0m1.406 ms - 85[0m
[0mPOST /juke [32m200 [0m1.531 ms - 85[0m
[0mPOST /juke [32m200 [0m1.417 ms - 85[0m
[0mPOST /juke [32m200 [0m1.439 ms - 85[0m
[0mPOST /juke [32m200 [0m1.464 ms - 85[0m
[0mPOST /juke [32m200 [0m1.603 ms - 85[0m
[0mPOST /juke [32m200 [0m2.498 ms - 85[0m
[0mPOST /juke [32m200 [0m1.501 ms - 85[0m
[0mPOST /juke [32m200 [0m1.501 ms - 85[0m
[0mPOST /juke [32m200 [0m1.376 ms - 85[0m
[0mPOST /juke [32m200 [0m1.420 ms - 85[0m
[0mPOST /juke [32m200 [0m1.501 ms - 85[0m
[0mPOST /juke [32m200 [0m1.472 ms - 85[0m
[0mPOST /juke [32m200 [0m1.442 ms - 85[0m
[0mPOST /juke [32m200 [0m1.433 ms - 85[0m
[0mPOST /juke [32m200 [0m1.474 ms - 85[0m
[0mPOST /juke [32m200 [0m1.436 ms - 85[0m
[0mPOST /juke [32m200 [0m1.444 ms - 85[0m
[0mPOST /juke [32m200 [0m1.449 ms - 85[0m
[0mPOST /juke [32m200 [0m1.420 ms - 85[0m
[0mPOST /juke [32m200 [0m1.447 ms - 85[0m
[0mPOST /juke [32m200 [0m1.460 ms - 85[0m
[0mPOST /juke [32m200 [0m1.487 ms - 85[0m
[0mPOST /juke [32m200 [0m1.449 ms - 85[0m
[0mPOST /juke [32m200 [0m1.392 ms - 85[0m
[0mPOST /juke [32m200 [0m1.389 ms - 85[0m
[0mPOST /juke [32m200 [0m1.442 ms - 85[0m
[0mPOST /juke [32m200 [0m2.505 ms - 85[0m
[0mPOST /juke [32m200 [0m1.466 ms - 85[0m
[0mPOST /juke [32m200 [0m1.464 ms - 85[0m
[0mPOST /juke [32m200 [0m1.483 ms - 85[0m
[0mPOST /juke [32m200 [0m1.397 ms - 85[0m
[0mPOST /juke [32m200 [0m1.466 ms - 85[0m
[0mPOST /juke [32m200 [0m1.535 ms - 85[0m
[0mPOST /juke [32m200 [0m1.432 ms - 85[0m
[0mPOST /juke [32m200 [0m1.514 ms - 85[0m
[0mPOST /juke [32m200 [0m1.425 ms - 85[0m
[0mPOST /juke [32m200 [0m1.383 ms - 85[0m
[0mPOST /juke [32m200 [0m2.565 ms - 85[0m
[0mPOST /juke [32m200 [0m1.465 ms - 85[0m
[0mPOST /juke [32m200 [0m1.469 ms - 85[0m
[0mPOST /juke [32m200 [0m1.386 ms - 85[0m
[0mPOST /juke [32m200 [0m1.413 ms - 85[0m
[0mPOST /juke [32m200 [0m1.466 ms - 85[0m
[0mPOST /juke [32m200 [0m1.385 ms - 85[0m
[0mPOST /juke [32m200 [0m1.486 ms - 85[0m
[0mPOST /juke [32m200 [0m1.527 ms - 85[0m
[0mPOST /juke [32m200 [0m1.415 ms - 85[0m
[0mPOST /juke [32m200 [0m1.428 ms - 85[0m
[0mPOST /juke [32m200 [0m2.502 ms - 85[0m
[0mPOST /juke [32m200 [0m1.432 ms - 85[0m
[0mPOST /juke [32m200 [0m1.387 ms - 85[0m
[0mPOST /juke [32m200 [0m1.385 ms - 85[0m
[0mPOST /juke [32m200 [0m1.417 ms - 85[0m
[0mPOST /juke [32m200 [0m1.425 ms - 85[0m
[0mPOST /juke [32m200 [0m1.478 ms - 85[0m
[0mPOST /juke [32m200 [0m1.479 ms - 85[0m
[0mPOST /juke [32m200 [0m1.427 ms - 85[0m
[0mPOST /juke [32m200 [0m1.337 ms - 85[0m
[0mPOST /juke [32m200 [0m1.393 ms - 85[0m
[0mPOST /juke [32m200 [0m2.592 ms - 85[0m
[0mPOST /juke [32m200 [0m1.492 ms - 85[0m
[0mPOST /juke [32m200 [0m1.405 ms - 85[0m
[0mPOST /juke [32m200 [0m1.498 ms - 85[0m
[0mPOST /juke [32m200 [0m1.398 ms - 85[0m
[0mPOST /juke [32m200 [0m1.403 ms - 85[0m
[0mPOST /juke [32m200 [0m1.482 ms - 85[0m
[0mPOST /juke [32m200 [0m1.570 ms - 85[0m
[0mPOST /juke [32m200 [0m1.448 ms - 85[0m
[0mPOST /juke [32m200 [0m1.415 ms - 85[0m
[0mPOST /juke [32m200 [0m1.501 ms - 85[0m
[0mPOST /juke [32m200 [0m2.456 ms - 85[0m
[0mPOST /juke [32m200 [0m1.474 ms - 85[0m
[0mPOST /juke [32m200 [0m1.472 ms - 85[0m
